Handling lib "rpc-service-config"...
Handling lib "ca-bundle"...
Handling lib "Success, built aws-sfmd-js/esp8266 version 1.0 (20180417-183210/???).
Firmware saved to build\fw.zip
"aws"...
Handling lib "js-demo-bundle"...
Handling lib "wifi"...
Handling lib "rpc-service-fs"...
Handling lib "rpc-service-ota"...
The --lib flag was not given for it, checking repository
The --lib flag was not given for it, checking repository
The --lib flag was not given for it, checking repository
The --lib flag was not given for it, checking repository
The --lib flag was not given for it, checking repository
The --lib flag was not given for it, checking repository
The --lib flag was not given for it, checking repository
The --lib flag was not given for it, checking repository
The --lib flag was not given for it, checking repository
The --lib flag was not given for it, checking repository
The --lib flag was not given for it, checking repository
Prebuilt binary for "rpc-service-config" already exists
Prepared local dir: "/fwbuild-volumes/2.0/apps/aws-sfmd-js/esp8266/build_contexts/build_ctx_325176070/libs/rpc-service-config"
Handling lib "rpc-common"...
The --lib flag was not given for it, checking repository
Prebuilt binary for "ca-bundle" already exists
Prepared local dir: "/fwbuild-volumes/2.0/apps/aws-sfmd-js/esp8266/build_contexts/build_ctx_325176070/libs/ca-bundle"
Prebuilt binary for "aws" already exists
Prepared local dir: "/fwbuild-volumes/2.0/apps/aws-sfmd-js/esp8266/build_contexts/build_ctx_325176070/libs/aws"
Prebuilt binary for "rpc-uart" already exists
Prepared local dir: "/fwbuild-volumes/2.0/apps/aws-sfmd-js/esp8266/build_contexts/build_ctx_325176070/libs/rpc-uart"
Handling lib "mongoose"...
The --lib flag was not given for it, checking repository
Prebuilt binary for "rpc-service-fs" already exists
Prepared local dir: "/fwbuild-volumes/2.0/apps/aws-sfmd-js/esp8266/build_contexts/build_ctx_325176070/libs/rpc-service-fs"
Lib "rpc-common" is already handled, skipping
Lib "rpc-common" is already handled, skipping
Lib "mqtt" is already handled, skipping
Handling lib "shadow"...
The --lib flag was not given for it, checking repository
Lib "ca-bundle" is already handled, skipping
Prebuilt binary for "rpc-service-ota" already exists
Prepared local dir: "/fwbuild-volumes/2.0/apps/aws-sfmd-js/esp8266/build_contexts/build_ctx_325176070/libs/rpc-service-ota"
Lib "rpc-common" is already handled, skipping
Handling lib "ota-http-client"...
The --lib flag was not given for it, checking repository
Prebuilt binary for "mqtt" already exists
Prepared local dir: "/fwbuild-volumes/2.0/apps/aws-sfmd-js/esp8266/build_contexts/build_ctx_325176070/libs/mqtt"
Lib "mongoose" is already handled, skipping
Prebuilt binary for "js-demo-bundle" already exists
Prepared local dir: "/fwbuild-volumes/2.0/apps/aws-sfmd-js/esp8266/build_contexts/build_ctx_325176070/libs/js-demo-bundle"
Handling lib "demo-bundle"...
Lib "mjs" is already handled, skipping
The --lib flag was not given for it, checking repository
Prebuilt binary for "mongoose" already exists
Prepared local dir: "/fwbuild-volumes/2.0/apps/aws-sfmd-js/esp8266/build_contexts/build_ctx_325176070/libs/mongoose"
Prebuilt binary for "shadow" already exists
Prepared local dir: "/fwbuild-volumes/2.0/apps/aws-sfmd-js/esp8266/build_contexts/build_ctx_325176070/libs/shadow"
Lib "mongoose" is already handled, skipping
Prebuilt binary for "ota-http-client" already exists
Prepared local dir: "/fwbuild-volumes/2.0/apps/aws-sfmd-js/esp8266/build_contexts/build_ctx_325176070/libs/ota-http-client"
Lib "mongoose" is already handled, skipping
Prebuilt binary for "demo-bundle" already exists
Prepared local dir: "/fwbuild-volumes/2.0/apps/aws-sfmd-js/esp8266/build_contexts/build_ctx_325176070/libs/demo-bundle"
Lib "http-server" is already handled, skipping
Lib "ota-http-client" is already handled, skipping
Handling lib "ota-shadow"...
Handling lib "i2c"...
Handling lib "gcp"...
The --lib flag was not given for it, checking repository
Handling lib "sntp"...
Lib "ca-bundle" is already handled, skipping
Handling lib "pwm"...
Lib "rpc-service-ota" is already handled, skipping
Handling lib "rpc-service-i2c"...
Handling lib "spi"...
Lib "aws" is already handled, skipping
Lib "wifi" is already handled, skipping
Handling lib "rpc-loopback"...
The --lib flag was not given for it, checking repository
Handling lib "rpc-mqtt"...
Handling lib "rpc-service-gpio"...
Handling lib "dash"...
Handling lib "rpc-service-wifi"...
The --lib flag was not given for it, checking repository
Handling lib "ota-http-server"...
Handling lib "dns-sd"...
Handling lib "dht"...
Lib "rpc-service-fs" is already handled, skipping
Handling lib "rpc-service-atca"...
Lib "shadow" is already handled, skipping
Handling lib "vfs-dev-spi-flash"...
Handling lib "atca"...
The --lib flag was not given for it, checking repository
The --lib flag was not given for it, checking repository
Lib "rpc-service-config" is already handled, skipping
The --lib flag was not given for it, checking repository
The --lib flag was not given for it, checking repository
Handling lib "adc"...
Lib "rpc-uart" is already handled, skipping
The --lib flag was not given for it, checking repository
The --lib flag was not given for it, checking repository
The --lib flag was not given for it, checking repository
The --lib flag was not given for it, checking repository
The --lib flag was not given for it, checking repository
The --lib flag was not given for it, checking repository
The --lib flag was not given for it, checking repository
The --lib flag was not given for it, checking repository
The --lib flag was not given for it, checking repository
The --lib flag was not given for it, checking repository
The --lib flag was not given for it, checking repository
The --lib flag was not given for it, checking repository
Prebuilt binary for "ota-shadow" already exists
Prepared local dir: "/fwbuild-volumes/2.0/apps/aws-sfmd-js/esp8266/build_contexts/build_ctx_325176070/libs/ota-shadow"
Lib "shadow" is already handled, skipping
Prebuilt binary for "adc" already exists
Prepared local dir: "/fwbuild-volumes/2.0/apps/aws-sfmd-js/esp8266/build_contexts/build_ctx_325176070/libs/adc"
Prebuilt binary for "rpc-mqtt" already exists
Prepared local dir: "/fwbuild-volumes/2.0/apps/aws-sfmd-js/esp8266/build_contexts/build_ctx_325176070/libs/rpc-mqtt"
Lib "mqtt" is already handled, skipping
Lib "rpc-common" is already handled, skipping
Prebuilt binary for "vfs-dev-spi-flash" already exists
Prebuilt binary for "rpc-service-atca" already exists
Prepared local dir: "/fwbuild-volumes/2.0/apps/aws-sfmd-js/esp8266/build_contexts/build_ctx_325176070/libs/vfs-dev-spi-flash"
Prepared local dir: "/fwbuild-volumes/2.0/apps/aws-sfmd-js/esp8266/build_contexts/build_ctx_325176070/libs/rpc-service-atca"
Prebuilt binary for "spi" already exists
Prepared local dir: "/fwbuild-volumes/2.0/apps/aws-sfmd-js/esp8266/build_contexts/build_ctx_325176070/libs/spi"
Lib "rpc-common" is already handled, skipping
Lib "atca" is already handled, skipping
Lib "spi" is already handled, skipping
Prebuilt binary for "rpc-loopback" already exists
Prepared local dir: "/fwbuild-volumes/2.0/apps/aws-sfmd-js/esp8266/build_contexts/build_ctx_325176070/libs/rpc-loopback"
Prebuilt binary for "gcp" already exists
Prepared local dir: "/fwbuild-volumes/2.0/apps/aws-sfmd-js/esp8266/build_contexts/build_ctx_325176070/libs/gcp"
Lib "rpc-common" is already handled, skipping
Lib "ca-bundle" is already handled, skipping
Lib "mqtt" is already handled, skipping
Lib "sntp" is already handled, skipping
Lib "mongoose" is already handled, skipping
Prebuilt binary for "i2c" already exists
Prepared local dir: "/fwbuild-volumes/2.0/apps/aws-sfmd-js/esp8266/build_contexts/build_ctx_325176070/libs/i2c"
Prebuilt binary for "dash" already exists
Prepared local dir: "/fwbuild-volumes/2.0/apps/aws-sfmd-js/esp8266/build_contexts/build_ctx_325176070/libs/dash"
Prebuilt binary for "sntp" already exists
Prepared local dir: "/fwbuild-volumes/2.0/apps/aws-sfmd-js/esp8266/build_contexts/build_ctx_325176070/libs/sntp"
Prebuilt binary for "pwm" already exists
Prepared local dir: "/fwbuild-volumes/2.0/apps/aws-sfmd-js/esp8266/build_contexts/build_ctx_325176070/libs/pwm"
Prebuilt binary for "dht" already exists
Prebuilt binary for "rpc-service-wifi" already exists
Prepared local dir: "/fwbuild-volumes/2.0/apps/aws-sfmd-js/esp8266/build_contexts/build_ctx_325176070/libs/dht"
Prepared local dir: "/fwbuild-volumes/2.0/apps/aws-sfmd-js/esp8266/build_contexts/build_ctx_325176070/libs/rpc-service-wifi"
Prebuilt binary for "ota-http-server" already exists
Prepared local dir: "/fwbuild-volumes/2.0/apps/aws-sfmd-js/esp8266/build_contexts/build_ctx_325176070/libs/ota-http-server"
Lib "ota-shadow" is already handled, skipping
Prebuilt binary for "rpc-service-i2c" already exists
Prepared local dir: "/fwbuild-volumes/2.0/apps/aws-sfmd-js/esp8266/build_contexts/build_ctx_325176070/libs/rpc-service-i2c"
Lib "mongoose" is already handled, skipping
Lib "rpc-common" is already handled, skipping
Lib "wifi" is already handled, skipping
Lib "rpc-common" is already handled, skipping
Lib "ota-http-client" is already handled, skipping
Prebuilt binary for "rpc-service-gpio" already exists
Lib "shadow" is already handled, skipping
Lib "http-server" is already handled, skipping
Prepared local dir: "/fwbuild-volumes/2.0/apps/aws-sfmd-js/esp8266/build_contexts/build_ctx_325176070/libs/rpc-service-gpio"
Lib "mongoose" is already handled, skipping
Lib "i2c" is already handled, skipping
Lib "rpc-common" is already handled, skipping
Lib "rpc-common" is already handled, skipping
Falling back to sources for "dns-sd" (failed to fetch prebuilt binary: got 404 status code when accessed https://github.com/mongoose-os-libs/dns-sd/releases/download/2.0/libdns-sd-esp8266.a)
Prepared local dir: "/fwbuild-volumes/2.0/apps/aws-sfmd-js/esp8266/build_contexts/build_ctx_325176070/libs/dns-sd"
Lib "http-server" is already handled, skipping
Lib "wifi" is optional, skipping
Lib "ethernet" is optional, skipping
Falling back to sources for "rpc-common" (failed to fetch prebuilt binary: got 404 status code when accessed https://github.com/mongoose-os-libs/rpc-common/releases/download/2.0/librpc-common-esp8266.a)
Prepared local dir: "/fwbuild-volumes/2.0/apps/aws-sfmd-js/esp8266/build_contexts/build_ctx_325176070/libs/rpc-common"
Lib "http-server" is optional, skipping
Falling back to sources for "mjs" (failed to fetch prebuilt binary: got 404 status code when accessed https://github.com/mongoose-os-libs/mjs/releases/download/2.0/libmjs-esp8266.a)
Prepared local dir: "/fwbuild-volumes/2.0/apps/aws-sfmd-js/esp8266/build_contexts/build_ctx_325176070/libs/mjs"
Falling back to sources for "atca" (failed to fetch prebuilt binary: got 404 status code when accessed https://github.com/mongoose-os-libs/atca/releases/download/2.0/libatca-esp8266.a)
Prepared local dir: "/fwbuild-volumes/2.0/apps/aws-sfmd-js/esp8266/build_contexts/build_ctx_325176070/libs/atca"
Lib "i2c" is already handled, skipping
Lib "mongoose" is already handled, skipping
Falling back to sources for "wifi" (failed to fetch prebuilt binary: got 404 status code when accessed https://github.com/mongoose-os-libs/wifi/releases/download/2.0/libwifi-esp8266.a)
Prepared local dir: "/fwbuild-volumes/2.0/apps/aws-sfmd-js/esp8266/build_contexts/build_ctx_325176070/libs/wifi"
Lib "mongoose" is already handled, skipping
Falling back to sources for "http-server" (failed to fetch prebuilt binary: got 404 status code when accessed https://github.com/mongoose-os-libs/http-server/releases/download/2.0/libhttp-server-esp8266.a)
Prepared local dir: "/fwbuild-volumes/2.0/apps/aws-sfmd-js/esp8266/build_contexts/build_ctx_325176070/libs/http-server"
Lib "mongoose" is already handled, skipping
Lib "wifi" is optional, skipping
Lib "atca" is optional, skipping
Lib "ethernet" is optional, skipping
The flag --module is not given for the module "mjs_module", going to use the repository
The flag --repo is not given, going to use mongoose-os repository
Sources: [/fwbuild-volumes/2.0/apps/aws-sfmd-js/esp8266/build_contexts/build_ctx_325176070/src/main.c /fwbuild-volumes/2.0/apps/aws-sfmd-js/esp8266/build_contexts/build_ctx_325176070/build/gen/mgos_deps_init.c /fwbuild-volumes/2.0/apps/aws-sfmd-js/esp8266/build_contexts/build_ctx_325176070/libs/adc/esp8266/src/esp_adc.c /fwbuild-volumes/2.0/apps/aws-sfmd-js/esp8266/build_contexts/build_ctx_325176070/libs/ca-bundle/src/mgos_ca_bundle.c /fwbuild-volumes/2.0/apps/aws-sfmd-js/esp8266/build_contexts/build_ctx_325176070/libs/mqtt/src/mgos_mqtt.c /fwbuild-volumes/2.0/apps/aws-sfmd-js/esp8266/build_contexts/build_ctx_325176070/libs/shadow/src/mgos_shadow.c /fwbuild-volumes/2.0/apps/aws-sfmd-js/esp8266/build_contexts/build_ctx_325176070/libs/aws/src/mgos_aws.c /fwbuild-volumes/2.0/apps/aws-sfmd-js/esp8266/build_contexts/build_ctx_325176070/libs/aws/src/mgos_aws_greengrass.c /fwbuild-volumes/2.0/apps/aws-sfmd-js/esp8266/build_contexts/build_ctx_325176070/libs/aws/src/mgos_aws_shadow.c /fwbuild-volumes/2.0/apps/aws-sfmd-js/esp8266/build_contexts/build_ctx_325176070/libs/i2c/src/mgos_i2c.c /fwbuild-volumes/2.0/apps/aws-sfmd-js/esp8266/build_contexts/build_ctx_325176070/libs/i2c/src/common_gpio/mgos_i2c_gpio.c /fwbuild-volumes/2.0/apps/aws-sfmd-js/esp8266/build_contexts/build_ctx_325176070/libs/atca/src/mgos_atca.c /fwbuild-volumes/2.0/apps/aws-sfmd-js/esp8266/build_contexts/build_ctx_325176070/libs/wifi/src/mgos_wifi.c /fwbuild-volumes/2.0/apps/aws-sfmd-js/esp8266/build_contexts/build_ctx_325176070/libs/wifi/src/mjs_wifi.c /fwbuild-volumes/2.0/apps/aws-sfmd-js/esp8266/build_contexts/build_ctx_325176070/libs/wifi/esp8266/src/esp_wifi.c /fwbuild-volumes/2.0/apps/aws-sfmd-js/esp8266/build_contexts/build_ctx_325176070/libs/http-server/src/mgos_http_server.c /fwbuild-volumes/2.0/apps/aws-sfmd-js/esp8266/build_contexts/build_ctx_325176070/libs/rpc-common/src/mg_rpc/mg_rpc.c /fwbuild-volumes/2.0/apps/aws-sfmd-js/esp8266/build_contexts/build_ctx_325176070/libs/rpc-common/src/mg_rpc/mg_rpc_channel.c /fwbuild-volumes/2.0/apps/aws-sfmd-js/esp8266/build_contexts/build_ctx_325176070/libs/rpc-common/src/mg_rpc/mg_rpc_channel_http.c /fwbuild-volumes/2.0/apps/aws-sfmd-js/esp8266/build_contexts/build_ctx_325176070/libs/rpc-common/src/mg_rpc/mg_rpc_channel_ws.c /fwbuild-volumes/2.0/apps/aws-sfmd-js/esp8266/build_contexts/build_ctx_325176070/libs/rpc-common/src/mgos_rpc.c /fwbuild-volumes/2.0/apps/aws-sfmd-js/esp8266/build_contexts/build_ctx_325176070/libs/dht/src/mgos_dht.c /fwbuild-volumes/2.0/apps/aws-sfmd-js/esp8266/build_contexts/build_ctx_325176070/libs/dns-sd/src/mgos_dns_sd.c /fwbuild-volumes/2.0/apps/aws-sfmd-js/esp8266/build_contexts/build_ctx_325176070/libs/dns-sd/src/mgos_mdns.c /fwbuild-volumes/2.0/apps/aws-sfmd-js/esp8266/build_contexts/build_ctx_325176070/libs/dns-sd/src/lwip/lwip_mdns.c /fwbuild-volumes/2.0/apps/aws-sfmd-js/esp8266/build_contexts/build_ctx_325176070/libs/sntp/src/mgos_sntp.c /fwbuild-volumes/2.0/apps/aws-sfmd-js/esp8266/build_contexts/build_ctx_325176070/libs/gcp/src/mgos_gcp.c /fwbuild-volumes/2.0/apps/aws-sfmd-js/esp8266/build_contexts/build_ctx_325176070/libs/pwm/src/mgos_pwm.c /fwbuild-volumes/2.0/apps/aws-sfmd-js/esp8266/build_contexts/build_ctx_325176070/libs/pwm/src/esp8266/esp_pwm.c /fwbuild-volumes/2.0/apps/aws-sfmd-js/esp8266/build_contexts/build_ctx_325176070/libs/rpc-loopback/src/mg_rpc_channel_loopback.c /fwbuild-volumes/2.0/apps/aws-sfmd-js/esp8266/build_contexts/build_ctx_325176070/libs/rpc-mqtt/src/mgos_rpc_channel_mqtt.c /fwbuild-volumes/2.0/apps/aws-sfmd-js/esp8266/build_contexts/build_ctx_325176070/libs/rpc-service-atca/src/mgos_atca_service.c /fwbuild-volumes/2.0/apps/aws-sfmd-js/esp8266/build_contexts/build_ctx_325176070/libs/rpc-service-config/src/mgos_service_config.c /fwbuild-volumes/2.0/apps/aws-sfmd-js/esp8266/build_contexts/build_ctx_325176070/libs/rpc-service-fs/src/mgos_service_filesystem.c /fwbuild-volumes/2.0/apps/aws-sfmd-js/esp8266/build_contexts/build_ctx_325176070/libs/rpc-service-gpio/src/mgos_gpio_service.c /fwbuild-volumes/2.0/apps/aws-sfmd-js/esp8266/build_contexts/build_ctx_325176070/libs/rpc-service-i2c/src/mgos_i2c_service.c /fwbuild-volumes/2.0/apps/aws-sfmd-js/esp8266/build_contexts/build_ctx_325176070/libs/rpc-service-wifi/src/mgos_rpc_service_wifi.c /fwbuild-volumes/2.0/apps/aws-sfmd-js/esp8266/build_contexts/build_ctx_325176070/libs/rpc-uart/src/mgos_rpc_channel_uart.c /fwbuild-volumes/2.0/apps/aws-sfmd-js/esp8266/build_contexts/build_ctx_325176070/libs/spi/src/mgos_spi.c /fwbuild-volumes/2.0/apps/aws-sfmd-js/esp8266/build_contexts/build_ctx_325176070/libs/spi/src/mgos_spi_mjs.c /fwbuild-volumes/2.0/apps/aws-sfmd-js/esp8266/build_contexts/build_ctx_325176070/libs/spi/src/common_gpio/mgos_spi_gpio.c /fwbuild-volumes/2.0/apps/aws-sfmd-js/esp8266/build_contexts/build_ctx_325176070/libs/vfs-dev-spi-flash/src/mgos_vfs_dev_spi_flash.c /fwbuild-volumes/2.0/apps/aws-sfmd-js/esp8266/build_contexts/build_ctx_325176070/libs/demo-bundle/src/mgos_demo_bundle.c /fwbuild-volumes/2.0/apps/aws-sfmd-js/esp8266/build_contexts/build_ctx_325176070/libs/mjs/src/mos_mjs.c /fwbuild-volumes/2.0/apps/aws-sfmd-js/esp8266/build_contexts/build_ctx_325176070/modules/mjs_module/mjs.c /fwbuild-volumes/2.0/apps/aws-sfmd-js/esp8266/build_contexts/build_ctx_325176070/libs/mjs/esp8266/src/esp8266_mjs.c /fwbuild-volumes/2.0/apps/aws-sfmd-js/esp8266/build_contexts/build_ctx_325176070/libs/js-demo-bundle/src/mgos_js_demo_bundle.c]
Include dirs: [/fwbuild-volumes/2.0/apps/aws-sfmd-js/esp8266/build_contexts/build_ctx_325176070/libs/adc/include /fwbuild-volumes/2.0/apps/aws-sfmd-js/esp8266/build_contexts/build_ctx_325176070/libs/adc/esp8266/include /fwbuild-volumes/2.0/apps/aws-sfmd-js/esp8266/build_contexts/build_ctx_325176070/libs/mongoose/include /fwbuild-volumes/2.0/apps/aws-sfmd-js/esp8266/build_contexts/build_ctx_325176070/libs/mqtt/include /fwbuild-volumes/2.0/apps/aws-sfmd-js/esp8266/build_contexts/build_ctx_325176070/libs/shadow/include /fwbuild-volumes/2.0/apps/aws-sfmd-js/esp8266/build_contexts/build_ctx_325176070/libs/aws/include /fwbuild-volumes/2.0/apps/aws-sfmd-js/esp8266/build_contexts/build_ctx_325176070/libs/i2c/include /fwbuild-volumes/2.0/apps/aws-sfmd-js/esp8266/build_contexts/build_ctx_325176070/libs/atca/include /fwbuild-volumes/2.0/apps/aws-sfmd-js/esp8266/build_contexts/build_ctx_325176070/libs/wifi/include /fwbuild-volumes/2.0/apps/aws-sfmd-js/esp8266/build_contexts/build_ctx_325176070/libs/http-server/include /fwbuild-volumes/2.0/apps/aws-sfmd-js/esp8266/build_contexts/build_ctx_325176070/libs/rpc-common/include/mg_rpc /fwbuild-volumes/2.0/apps/aws-sfmd-js/esp8266/build_contexts/build_ctx_325176070/libs/rpc-common/include /fwbuild-volumes/2.0/apps/aws-sfmd-js/esp8266/build_contexts/build_ctx_325176070/libs/dash/include /fwbuild-volumes/2.0/apps/aws-sfmd-js/esp8266/build_contexts/build_ctx_325176070/libs/dht/include /fwbuild-volumes/2.0/apps/aws-sfmd-js/esp8266/build_contexts/build_ctx_325176070/libs/dns-sd/include /fwbuild-volumes/2.0/apps/aws-sfmd-js/esp8266/build_contexts/build_ctx_325176070/libs/sntp/include /fwbuild-volumes/2.0/apps/aws-sfmd-js/esp8266/build_contexts/build_ctx_325176070/libs/gcp/include /fwbuild-volumes/2.0/apps/aws-sfmd-js/esp8266/build_contexts/build_ctx_325176070/libs/ota-http-client/include /fwbuild-volumes/2.0/apps/aws-sfmd-js/esp8266/build_contexts/build_ctx_325176070/libs/ota-http-server/include /fwbuild-volumes/2.0/apps/aws-sfmd-js/esp8266/build_contexts/build_ctx_325176070/libs/pwm/include /fwbuild-volumes/2.0/apps/aws-sfmd-js/esp8266/build_contexts/build_ctx_325176070/libs/rpc-loopback/include /fwbuild-volumes/2.0/apps/aws-sfmd-js/esp8266/build_contexts/build_ctx_325176070/libs/rpc-mqtt/include /fwbuild-volumes/2.0/apps/aws-sfmd-js/esp8266/build_contexts/build_ctx_325176070/libs/rpc-service-config/include /fwbuild-volumes/2.0/apps/aws-sfmd-js/esp8266/build_contexts/build_ctx_325176070/libs/rpc-service-fs/include /fwbuild-volumes/2.0/apps/aws-sfmd-js/esp8266/build_contexts/build_ctx_325176070/libs/rpc-service-gpio/include /fwbuild-volumes/2.0/apps/aws-sfmd-js/esp8266/build_contexts/build_ctx_325176070/libs/rpc-service-i2c/include /fwbuild-volumes/2.0/apps/aws-sfmd-js/esp8266/build_contexts/build_ctx_325176070/libs/rpc-service-ota/include /fwbuild-volumes/2.0/apps/aws-sfmd-js/esp8266/build_contexts/build_ctx_325176070/libs/rpc-uart/include /fwbuild-volumes/2.0/apps/aws-sfmd-js/esp8266/build_contexts/build_ctx_325176070/libs/spi/include /fwbuild-volumes/2.0/apps/aws-sfmd-js/esp8266/build_contexts/build_ctx_325176070/libs/vfs-dev-spi-flash/include /fwbuild-volumes/2.0/apps/aws-sfmd-js/esp8266/build_contexts/build_ctx_325176070/libs/mjs/include]
Binary libs: [/fwbuild-volumes/2.0/apps/aws-sfmd-js/esp8266/build_contexts/build_ctx_325176070/libs/mongoose/lib/esp8266/libmongoose.a /fwbuild-volumes/2.0/apps/aws-sfmd-js/esp8266/build_contexts/build_ctx_325176070/libs/ota-shadow/lib/esp8266/libota-shadow.a /fwbuild-volumes/2.0/apps/aws-sfmd-js/esp8266/build_contexts/build_ctx_325176070/libs/dash/lib/esp8266/libdash.a /fwbuild-volumes/2.0/apps/aws-sfmd-js/esp8266/build_contexts/build_ctx_325176070/libs/ota-http-client/lib/esp8266/libota-http-client.a /fwbuild-volumes/2.0/apps/aws-sfmd-js/esp8266/build_contexts/build_ctx_325176070/libs/ota-http-server/lib/esp8266/libota-http-server.a /fwbuild-volumes/2.0/apps/aws-sfmd-js/esp8266/build_contexts/build_ctx_325176070/libs/rpc-service-ota/lib/esp8266/librpc-service-ota.a]
Building...
mount from "/fwbuild-volumes/2.0/apps/aws-sfmd-js/esp8266/build_contexts/build_ctx_325176070" to "/app"
mount from "/fwbuild-volumes/2.0/apps/aws-sfmd-js/esp8266/build_contexts/build_ctx_325176070/modules/mongoose-os" to "/mongoose-os"
mount from "/fwbuild-volumes/2.0/apps/aws-sfmd-js/esp8266/build_contexts/build_ctx_325176070/modules/mongoose-os" to "/fwbuild-volumes/2.0/apps/aws-sfmd-js/esp8266/build_contexts/build_ctx_325176070/modules/mongoose-os"
mount from "/fwbuild-volumes/2.0/apps/aws-sfmd-js/esp8266/build_contexts/build_ctx_325176070/build" to "/fwbuild-volumes/2.0/apps/aws-sfmd-js/esp8266/build_contexts/build_ctx_325176070/build"
mount from "/fwbuild-volumes/2.0/apps/aws-sfmd-js/esp8266/build_contexts/build_ctx_325176070/src" to "/fwbuild-volumes/2.0/apps/aws-sfmd-js/esp8266/build_contexts/build_ctx_325176070/src"
mount from "/fwbuild-volumes/2.0/apps/aws-sfmd-js/esp8266/build_contexts/build_ctx_325176070/build/gen" to "/fwbuild-volumes/2.0/apps/aws-sfmd-js/esp8266/build_contexts/build_ctx_325176070/build/gen"
mount from "/fwbuild-volumes/2.0/apps/aws-sfmd-js/esp8266/build_contexts/build_ctx_325176070/libs/adc/esp8266/src" to "/fwbuild-volumes/2.0/apps/aws-sfmd-js/esp8266/build_contexts/build_ctx_325176070/libs/adc/esp8266/src"
mount from "/fwbuild-volumes/2.0/apps/aws-sfmd-js/esp8266/build_contexts/build_ctx_325176070/libs/ca-bundle/src" to "/fwbuild-volumes/2.0/apps/aws-sfmd-js/esp8266/build_contexts/build_ctx_325176070/libs/ca-bundle/src"
mount from "/fwbuild-volumes/2.0/apps/aws-sfmd-js/esp8266/build_contexts/build_ctx_325176070/libs/mqtt/src" to "/fwbuild-volumes/2.0/apps/aws-sfmd-js/esp8266/build_contexts/build_ctx_325176070/libs/mqtt/src"
mount from "/fwbuild-volumes/2.0/apps/aws-sfmd-js/esp8266/build_contexts/build_ctx_325176070/libs/shadow/src" to "/fwbuild-volumes/2.0/apps/aws-sfmd-js/esp8266/build_contexts/build_ctx_325176070/libs/shadow/src"
mount from "/fwbuild-volumes/2.0/apps/aws-sfmd-js/esp8266/build_contexts/build_ctx_325176070/libs/aws/src" to "/fwbuild-volumes/2.0/apps/aws-sfmd-js/esp8266/build_contexts/build_ctx_325176070/libs/aws/src"
mount from "/fwbuild-volumes/2.0/apps/aws-sfmd-js/esp8266/build_contexts/build_ctx_325176070/libs/i2c/src" to "/fwbuild-volumes/2.0/apps/aws-sfmd-js/esp8266/build_contexts/build_ctx_325176070/libs/i2c/src"
mount from "/fwbuild-volumes/2.0/apps/aws-sfmd-js/esp8266/build_contexts/build_ctx_325176070/libs/i2c/src/common_gpio" to "/fwbuild-volumes/2.0/apps/aws-sfmd-js/esp8266/build_contexts/build_ctx_325176070/libs/i2c/src/common_gpio"
mount from "/fwbuild-volumes/2.0/apps/aws-sfmd-js/esp8266/build_contexts/build_ctx_325176070/libs/atca/src" to "/fwbuild-volumes/2.0/apps/aws-sfmd-js/esp8266/build_contexts/build_ctx_325176070/libs/atca/src"
mount from "/fwbuild-volumes/2.0/apps/aws-sfmd-js/esp8266/build_contexts/build_ctx_325176070/libs/wifi/src" to "/fwbuild-volumes/2.0/apps/aws-sfmd-js/esp8266/build_contexts/build_ctx_325176070/libs/wifi/src"
mount from "/fwbuild-volumes/2.0/apps/aws-sfmd-js/esp8266/build_contexts/build_ctx_325176070/libs/wifi/esp8266/src" to "/fwbuild-volumes/2.0/apps/aws-sfmd-js/esp8266/build_contexts/build_ctx_325176070/libs/wifi/esp8266/src"
mount from "/fwbuild-volumes/2.0/apps/aws-sfmd-js/esp8266/build_contexts/build_ctx_325176070/libs/http-server/src" to "/fwbuild-volumes/2.0/apps/aws-sfmd-js/esp8266/build_contexts/build_ctx_325176070/libs/http-server/src"
mount from "/fwbuild-volumes/2.0/apps/aws-sfmd-js/esp8266/build_contexts/build_ctx_325176070/libs/rpc-common/src/mg_rpc" to "/fwbuild-volumes/2.0/apps/aws-sfmd-js/esp8266/build_contexts/build_ctx_325176070/libs/rpc-common/src/mg_rpc"
mount from "/fwbuild-volumes/2.0/apps/aws-sfmd-js/esp8266/build_contexts/build_ctx_325176070/libs/rpc-common/src" to "/fwbuild-volumes/2.0/apps/aws-sfmd-js/esp8266/build_contexts/build_ctx_325176070/libs/rpc-common/src"
mount from "/fwbuild-volumes/2.0/apps/aws-sfmd-js/esp8266/build_contexts/build_ctx_325176070/libs/dht/src" to "/fwbuild-volumes/2.0/apps/aws-sfmd-js/esp8266/build_contexts/build_ctx_325176070/libs/dht/src"
mount from "/fwbuild-volumes/2.0/apps/aws-sfmd-js/esp8266/build_contexts/build_ctx_325176070/libs/dns-sd/src" to "/fwbuild-volumes/2.0/apps/aws-sfmd-js/esp8266/build_contexts/build_ctx_325176070/libs/dns-sd/src"
mount from "/fwbuild-volumes/2.0/apps/aws-sfmd-js/esp8266/build_contexts/build_ctx_325176070/libs/dns-sd/src/lwip" to "/fwbuild-volumes/2.0/apps/aws-sfmd-js/esp8266/build_contexts/build_ctx_325176070/libs/dns-sd/src/lwip"
mount from "/fwbuild-volumes/2.0/apps/aws-sfmd-js/esp8266/build_contexts/build_ctx_325176070/libs/sntp/src" to "/fwbuild-volumes/2.0/apps/aws-sfmd-js/esp8266/build_contexts/build_ctx_325176070/libs/sntp/src"
mount from "/fwbuild-volumes/2.0/apps/aws-sfmd-js/esp8266/build_contexts/build_ctx_325176070/libs/gcp/src" to "/fwbuild-volumes/2.0/apps/aws-sfmd-js/esp8266/build_contexts/build_ctx_325176070/libs/gcp/src"
mount from "/fwbuild-volumes/2.0/apps/aws-sfmd-js/esp8266/build_contexts/build_ctx_325176070/libs/pwm/src" to "/fwbuild-volumes/2.0/apps/aws-sfmd-js/esp8266/build_contexts/build_ctx_325176070/libs/pwm/src"
mount from "/fwbuild-volumes/2.0/apps/aws-sfmd-js/esp8266/build_contexts/build_ctx_325176070/libs/pwm/src/esp8266" to "/fwbuild-volumes/2.0/apps/aws-sfmd-js/esp8266/build_contexts/build_ctx_325176070/libs/pwm/src/esp8266"
mount from "/fwbuild-volumes/2.0/apps/aws-sfmd-js/esp8266/build_contexts/build_ctx_325176070/libs/rpc-loopback/src" to "/fwbuild-volumes/2.0/apps/aws-sfmd-js/esp8266/build_contexts/build_ctx_325176070/libs/rpc-loopback/src"
mount from "/fwbuild-volumes/2.0/apps/aws-sfmd-js/esp8266/build_contexts/build_ctx_325176070/libs/rpc-mqtt/src" to "/fwbuild-volumes/2.0/apps/aws-sfmd-js/esp8266/build_contexts/build_ctx_325176070/libs/rpc-mqtt/src"
mount from "/fwbuild-volumes/2.0/apps/aws-sfmd-js/esp8266/build_contexts/build_ctx_325176070/libs/rpc-service-atca/src" to "/fwbuild-volumes/2.0/apps/aws-sfmd-js/esp8266/build_contexts/build_ctx_325176070/libs/rpc-service-atca/src"
mount from "/fwbuild-volumes/2.0/apps/aws-sfmd-js/esp8266/build_contexts/build_ctx_325176070/libs/rpc-service-config/src" to "/fwbuild-volumes/2.0/apps/aws-sfmd-js/esp8266/build_contexts/build_ctx_325176070/libs/rpc-service-config/src"
mount from "/fwbuild-volumes/2.0/apps/aws-sfmd-js/esp8266/build_contexts/build_ctx_325176070/libs/rpc-service-fs/src" to "/fwbuild-volumes/2.0/apps/aws-sfmd-js/esp8266/build_contexts/build_ctx_325176070/libs/rpc-service-fs/src"
mount from "/fwbuild-volumes/2.0/apps/aws-sfmd-js/esp8266/build_contexts/build_ctx_325176070/libs/rpc-service-gpio/src" to "/fwbuild-volumes/2.0/apps/aws-sfmd-js/esp8266/build_contexts/build_ctx_325176070/libs/rpc-service-gpio/src"
mount from "/fwbuild-volumes/2.0/apps/aws-sfmd-js/esp8266/build_contexts/build_ctx_325176070/libs/rpc-service-i2c/src" to "/fwbuild-volumes/2.0/apps/aws-sfmd-js/esp8266/build_contexts/build_ctx_325176070/libs/rpc-service-i2c/src"
mount from "/fwbuild-volumes/2.0/apps/aws-sfmd-js/esp8266/build_contexts/build_ctx_325176070/libs/rpc-service-wifi/src" to "/fwbuild-volumes/2.0/apps/aws-sfmd-js/esp8266/build_contexts/build_ctx_325176070/libs/rpc-service-wifi/src"
mount from "/fwbuild-volumes/2.0/apps/aws-sfmd-js/esp8266/build_contexts/build_ctx_325176070/libs/rpc-uart/src" to "/fwbuild-volumes/2.0/apps/aws-sfmd-js/esp8266/build_contexts/build_ctx_325176070/libs/rpc-uart/src"
mount from "/fwbuild-volumes/2.0/apps/aws-sfmd-js/esp8266/build_contexts/build_ctx_325176070/libs/spi/src" to "/fwbuild-volumes/2.0/apps/aws-sfmd-js/esp8266/build_contexts/build_ctx_325176070/libs/spi/src"
mount from "/fwbuild-volumes/2.0/apps/aws-sfmd-js/esp8266/build_contexts/build_ctx_325176070/libs/spi/src/common_gpio" to "/fwbuild-volumes/2.0/apps/aws-sfmd-js/esp8266/build_contexts/build_ctx_325176070/libs/spi/src/common_gpio"
mount from "/fwbuild-volumes/2.0/apps/aws-sfmd-js/esp8266/build_contexts/build_ctx_325176070/libs/vfs-dev-spi-flash/src" to "/fwbuild-volumes/2.0/apps/aws-sfmd-js/esp8266/build_contexts/build_ctx_325176070/libs/vfs-dev-spi-flash/src"
mount from "/fwbuild-volumes/2.0/apps/aws-sfmd-js/esp8266/build_contexts/build_ctx_325176070/libs/demo-bundle/src" to "/fwbuild-volumes/2.0/apps/aws-sfmd-js/esp8266/build_contexts/build_ctx_325176070/libs/demo-bundle/src"
mount from "/fwbuild-volumes/2.0/apps/aws-sfmd-js/esp8266/build_contexts/build_ctx_325176070/libs/mjs/src" to "/fwbuild-volumes/2.0/apps/aws-sfmd-js/esp8266/build_contexts/build_ctx_325176070/libs/mjs/src"
mount from "/fwbuild-volumes/2.0/apps/aws-sfmd-js/esp8266/build_contexts/build_ctx_325176070/modules/mjs_module" to "/fwbuild-volumes/2.0/apps/aws-sfmd-js/esp8266/build_contexts/build_ctx_325176070/modules/mjs_module"
mount from "/fwbuild-volumes/2.0/apps/aws-sfmd-js/esp8266/build_contexts/build_ctx_325176070/libs/mjs/esp8266/src" to "/fwbuild-volumes/2.0/apps/aws-sfmd-js/esp8266/build_contexts/build_ctx_325176070/libs/mjs/esp8266/src"
mount from "/fwbuild-volumes/2.0/apps/aws-sfmd-js/esp8266/build_contexts/build_ctx_325176070/libs/js-demo-bundle/src" to "/fwbuild-volumes/2.0/apps/aws-sfmd-js/esp8266/build_contexts/build_ctx_325176070/libs/js-demo-bundle/src"
mount from "/fwbuild-volumes/2.0/apps/aws-sfmd-js/esp8266/build_contexts/build_ctx_325176070/libs/adc/include" to "/fwbuild-volumes/2.0/apps/aws-sfmd-js/esp8266/build_contexts/build_ctx_325176070/libs/adc/include"
mount from "/fwbuild-volumes/2.0/apps/aws-sfmd-js/esp8266/build_contexts/build_ctx_325176070/libs/adc/esp8266/include" to "/fwbuild-volumes/2.0/apps/aws-sfmd-js/esp8266/build_contexts/build_ctx_325176070/libs/adc/esp8266/include"
mount from "/fwbuild-volumes/2.0/apps/aws-sfmd-js/esp8266/build_contexts/build_ctx_325176070/libs/mongoose/include" to "/fwbuild-volumes/2.0/apps/aws-sfmd-js/esp8266/build_contexts/build_ctx_325176070/libs/mongoose/include"
mount from "/fwbuild-volumes/2.0/apps/aws-sfmd-js/esp8266/build_contexts/build_ctx_325176070/libs/mqtt/include" to "/fwbuild-volumes/2.0/apps/aws-sfmd-js/esp8266/build_contexts/build_ctx_325176070/libs/mqtt/include"
mount from "/fwbuild-volumes/2.0/apps/aws-sfmd-js/esp8266/build_contexts/build_ctx_325176070/libs/shadow/include" to "/fwbuild-volumes/2.0/apps/aws-sfmd-js/esp8266/build_contexts/build_ctx_325176070/libs/shadow/include"
mount from "/fwbuild-volumes/2.0/apps/aws-sfmd-js/esp8266/build_contexts/build_ctx_325176070/libs/aws/include" to "/fwbuild-volumes/2.0/apps/aws-sfmd-js/esp8266/build_contexts/build_ctx_325176070/libs/aws/include"
mount from "/fwbuild-volumes/2.0/apps/aws-sfmd-js/esp8266/build_contexts/build_ctx_325176070/libs/i2c/include" to "/fwbuild-volumes/2.0/apps/aws-sfmd-js/esp8266/build_contexts/build_ctx_325176070/libs/i2c/include"
mount from "/fwbuild-volumes/2.0/apps/aws-sfmd-js/esp8266/build_contexts/build_ctx_325176070/libs/atca/include" to "/fwbuild-volumes/2.0/apps/aws-sfmd-js/esp8266/build_contexts/build_ctx_325176070/libs/atca/include"
mount from "/fwbuild-volumes/2.0/apps/aws-sfmd-js/esp8266/build_contexts/build_ctx_325176070/libs/wifi/include" to "/fwbuild-volumes/2.0/apps/aws-sfmd-js/esp8266/build_contexts/build_ctx_325176070/libs/wifi/include"
mount from "/fwbuild-volumes/2.0/apps/aws-sfmd-js/esp8266/build_contexts/build_ctx_325176070/libs/http-server/include" to "/fwbuild-volumes/2.0/apps/aws-sfmd-js/esp8266/build_contexts/build_ctx_325176070/libs/http-server/include"
mount from "/fwbuild-volumes/2.0/apps/aws-sfmd-js/esp8266/build_contexts/build_ctx_325176070/libs/rpc-common/include/mg_rpc" to "/fwbuild-volumes/2.0/apps/aws-sfmd-js/esp8266/build_contexts/build_ctx_325176070/libs/rpc-common/include/mg_rpc"
mount from "/fwbuild-volumes/2.0/apps/aws-sfmd-js/esp8266/build_contexts/build_ctx_325176070/libs/rpc-common/include" to "/fwbuild-volumes/2.0/apps/aws-sfmd-js/esp8266/build_contexts/build_ctx_325176070/libs/rpc-common/include"
mount from "/fwbuild-volumes/2.0/apps/aws-sfmd-js/esp8266/build_contexts/build_ctx_325176070/libs/dash/include" to "/fwbuild-volumes/2.0/apps/aws-sfmd-js/esp8266/build_contexts/build_ctx_325176070/libs/dash/include"
mount from "/fwbuild-volumes/2.0/apps/aws-sfmd-js/esp8266/build_contexts/build_ctx_325176070/libs/dht/include" to "/fwbuild-volumes/2.0/apps/aws-sfmd-js/esp8266/build_contexts/build_ctx_325176070/libs/dht/include"
mount from "/fwbuild-volumes/2.0/apps/aws-sfmd-js/esp8266/build_contexts/build_ctx_325176070/libs/dns-sd/include" to "/fwbuild-volumes/2.0/apps/aws-sfmd-js/esp8266/build_contexts/build_ctx_325176070/libs/dns-sd/include"
mount from "/fwbuild-volumes/2.0/apps/aws-sfmd-js/esp8266/build_contexts/build_ctx_325176070/libs/sntp/include" to "/fwbuild-volumes/2.0/apps/aws-sfmd-js/esp8266/build_contexts/build_ctx_325176070/libs/sntp/include"
mount from "/fwbuild-volumes/2.0/apps/aws-sfmd-js/esp8266/build_contexts/build_ctx_325176070/libs/gcp/include" to "/fwbuild-volumes/2.0/apps/aws-sfmd-js/esp8266/build_contexts/build_ctx_325176070/libs/gcp/include"
mount from "/fwbuild-volumes/2.0/apps/aws-sfmd-js/esp8266/build_contexts/build_ctx_325176070/libs/ota-http-client/include" to "/fwbuild-volumes/2.0/apps/aws-sfmd-js/esp8266/build_contexts/build_ctx_325176070/libs/ota-http-client/include"
mount from "/fwbuild-volumes/2.0/apps/aws-sfmd-js/esp8266/build_contexts/build_ctx_325176070/libs/ota-http-server/include" to "/fwbuild-volumes/2.0/apps/aws-sfmd-js/esp8266/build_contexts/build_ctx_325176070/libs/ota-http-server/include"
mount from "/fwbuild-volumes/2.0/apps/aws-sfmd-js/esp8266/build_contexts/build_ctx_325176070/libs/pwm/include" to "/fwbuild-volumes/2.0/apps/aws-sfmd-js/esp8266/build_contexts/build_ctx_325176070/libs/pwm/include"
mount from "/fwbuild-volumes/2.0/apps/aws-sfmd-js/esp8266/build_contexts/build_ctx_325176070/libs/rpc-loopback/include" to "/fwbuild-volumes/2.0/apps/aws-sfmd-js/esp8266/build_contexts/build_ctx_325176070/libs/rpc-loopback/include"
mount from "/fwbuild-volumes/2.0/apps/aws-sfmd-js/esp8266/build_contexts/build_ctx_325176070/libs/rpc-mqtt/include" to "/fwbuild-volumes/2.0/apps/aws-sfmd-js/esp8266/build_contexts/build_ctx_325176070/libs/rpc-mqtt/include"
mount from "/fwbuild-volumes/2.0/apps/aws-sfmd-js/esp8266/build_contexts/build_ctx_325176070/libs/rpc-service-config/include" to "/fwbuild-volumes/2.0/apps/aws-sfmd-js/esp8266/build_contexts/build_ctx_325176070/libs/rpc-service-config/include"
mount from "/fwbuild-volumes/2.0/apps/aws-sfmd-js/esp8266/build_contexts/build_ctx_325176070/libs/rpc-service-fs/include" to "/fwbuild-volumes/2.0/apps/aws-sfmd-js/esp8266/build_contexts/build_ctx_325176070/libs/rpc-service-fs/include"
mount from "/fwbuild-volumes/2.0/apps/aws-sfmd-js/esp8266/build_contexts/build_ctx_325176070/libs/rpc-service-gpio/include" to "/fwbuild-volumes/2.0/apps/aws-sfmd-js/esp8266/build_contexts/build_ctx_325176070/libs/rpc-service-gpio/include"
mount from "/fwbuild-volumes/2.0/apps/aws-sfmd-js/esp8266/build_contexts/build_ctx_325176070/libs/rpc-service-i2c/include" to "/fwbuild-volumes/2.0/apps/aws-sfmd-js/esp8266/build_contexts/build_ctx_325176070/libs/rpc-service-i2c/include"
mount from "/fwbuild-volumes/2.0/apps/aws-sfmd-js/esp8266/build_contexts/build_ctx_325176070/libs/rpc-service-ota/include" to "/fwbuild-volumes/2.0/apps/aws-sfmd-js/esp8266/build_contexts/build_ctx_325176070/libs/rpc-service-ota/include"
mount from "/fwbuild-volumes/2.0/apps/aws-sfmd-js/esp8266/build_contexts/build_ctx_325176070/libs/rpc-uart/include" to "/fwbuild-volumes/2.0/apps/aws-sfmd-js/esp8266/build_contexts/build_ctx_325176070/libs/rpc-uart/include"
mount from "/fwbuild-volumes/2.0/apps/aws-sfmd-js/esp8266/build_contexts/build_ctx_325176070/libs/spi/include" to "/fwbuild-volumes/2.0/apps/aws-sfmd-js/esp8266/build_contexts/build_ctx_325176070/libs/spi/include"
mount from "/fwbuild-volumes/2.0/apps/aws-sfmd-js/esp8266/build_contexts/build_ctx_325176070/libs/vfs-dev-spi-flash/include" to "/fwbuild-volumes/2.0/apps/aws-sfmd-js/esp8266/build_contexts/build_ctx_325176070/libs/vfs-dev-spi-flash/include"
mount from "/fwbuild-volumes/2.0/apps/aws-sfmd-js/esp8266/build_contexts/build_ctx_325176070/libs/mjs/include" to "/fwbuild-volumes/2.0/apps/aws-sfmd-js/esp8266/build_contexts/build_ctx_325176070/libs/mjs/include"
mount from "/fwbuild-volumes/2.0/apps/aws-sfmd-js/esp8266/build_contexts/build_ctx_325176070/libs/ca-bundle/fs" to "/fwbuild-volumes/2.0/apps/aws-sfmd-js/esp8266/build_contexts/build_ctx_325176070/libs/ca-bundle/fs"
mount from "/fwbuild-volumes/2.0/apps/aws-sfmd-js/esp8266/build_contexts/build_ctx_325176070/libs/mjs/fs" to "/fwbuild-volumes/2.0/apps/aws-sfmd-js/esp8266/build_contexts/build_ctx_325176070/libs/mjs/fs"
mount from "/fwbuild-volumes/2.0/apps/aws-sfmd-js/esp8266/build_contexts/build_ctx_325176070/modules/mjs_module/mjs/lib" to "/fwbuild-volumes/2.0/apps/aws-sfmd-js/esp8266/build_contexts/build_ctx_325176070/modules/mjs_module/mjs/lib"
mount from "/fwbuild-volumes/2.0/apps/aws-sfmd-js/esp8266/build_contexts/build_ctx_325176070/libs/adc/mjs_fs" to "/fwbuild-volumes/2.0/apps/aws-sfmd-js/esp8266/build_contexts/build_ctx_325176070/libs/adc/mjs_fs"
mount from "/fwbuild-volumes/2.0/apps/aws-sfmd-js/esp8266/build_contexts/build_ctx_325176070/libs/mqtt/mjs_fs" to "/fwbuild-volumes/2.0/apps/aws-sfmd-js/esp8266/build_contexts/build_ctx_325176070/libs/mqtt/mjs_fs"
mount from "/fwbuild-volumes/2.0/apps/aws-sfmd-js/esp8266/build_contexts/build_ctx_325176070/libs/shadow/mjs_fs" to "/fwbuild-volumes/2.0/apps/aws-sfmd-js/esp8266/build_contexts/build_ctx_325176070/libs/shadow/mjs_fs"
mount from "/fwbuild-volumes/2.0/apps/aws-sfmd-js/esp8266/build_contexts/build_ctx_325176070/libs/aws/mjs_fs" to "/fwbuild-volumes/2.0/apps/aws-sfmd-js/esp8266/build_contexts/build_ctx_325176070/libs/aws/mjs_fs"
mount from "/fwbuild-volumes/2.0/apps/aws-sfmd-js/esp8266/build_contexts/build_ctx_325176070/libs/i2c/mjs_fs" to "/fwbuild-volumes/2.0/apps/aws-sfmd-js/esp8266/build_contexts/build_ctx_325176070/libs/i2c/mjs_fs"
mount from "/fwbuild-volumes/2.0/apps/aws-sfmd-js/esp8266/build_contexts/build_ctx_325176070/libs/wifi/mjs_fs" to "/fwbuild-volumes/2.0/apps/aws-sfmd-js/esp8266/build_contexts/build_ctx_325176070/libs/wifi/mjs_fs"
mount from "/fwbuild-volumes/2.0/apps/aws-sfmd-js/esp8266/build_contexts/build_ctx_325176070/libs/rpc-common/mjs_fs" to "/fwbuild-volumes/2.0/apps/aws-sfmd-js/esp8266/build_contexts/build_ctx_325176070/libs/rpc-common/mjs_fs"
mount from "/fwbuild-volumes/2.0/apps/aws-sfmd-js/esp8266/build_contexts/build_ctx_325176070/libs/dht/mjs_fs" to "/fwbuild-volumes/2.0/apps/aws-sfmd-js/esp8266/build_contexts/build_ctx_325176070/libs/dht/mjs_fs"
mount from "/fwbuild-volumes/2.0/apps/aws-sfmd-js/esp8266/build_contexts/build_ctx_325176070/libs/ota-http-client/mjs_fs" to "/fwbuild-volumes/2.0/apps/aws-sfmd-js/esp8266/build_contexts/build_ctx_325176070/libs/ota-http-client/mjs_fs"
mount from "/fwbuild-volumes/2.0/apps/aws-sfmd-js/esp8266/build_contexts/build_ctx_325176070/libs/pwm/mjs_fs" to "/fwbuild-volumes/2.0/apps/aws-sfmd-js/esp8266/build_contexts/build_ctx_325176070/libs/pwm/mjs_fs"
mount from "/fwbuild-volumes/2.0/apps/aws-sfmd-js/esp8266/build_contexts/build_ctx_325176070/libs/spi/mjs_fs" to "/fwbuild-volumes/2.0/apps/aws-sfmd-js/esp8266/build_contexts/build_ctx_325176070/libs/spi/mjs_fs"
mount from "/fwbuild-volumes/2.0/apps/aws-sfmd-js/esp8266/build_contexts/build_ctx_325176070/libs/mjs/esp8266/fs" to "/fwbuild-volumes/2.0/apps/aws-sfmd-js/esp8266/build_contexts/build_ctx_325176070/libs/mjs/esp8266/fs"
mount from "/fwbuild-volumes/2.0/apps/aws-sfmd-js/esp8266/build_contexts/build_ctx_325176070/fs" to "/fwbuild-volumes/2.0/apps/aws-sfmd-js/esp8266/build_contexts/build_ctx_325176070/fs"
mount from "/fwbuild-volumes/2.0/apps/aws-sfmd-js/esp8266/build_contexts/build_ctx_325176070/libs/mongoose/lib/esp8266" to "/fwbuild-volumes/2.0/apps/aws-sfmd-js/esp8266/build_contexts/build_ctx_325176070/libs/mongoose/lib/esp8266"
mount from "/fwbuild-volumes/2.0/apps/aws-sfmd-js/esp8266/build_contexts/build_ctx_325176070/libs/ota-shadow/lib/esp8266" to "/fwbuild-volumes/2.0/apps/aws-sfmd-js/esp8266/build_contexts/build_ctx_325176070/libs/ota-shadow/lib/esp8266"
mount from "/fwbuild-volumes/2.0/apps/aws-sfmd-js/esp8266/build_contexts/build_ctx_325176070/libs/dash/lib/esp8266" to "/fwbuild-volumes/2.0/apps/aws-sfmd-js/esp8266/build_contexts/build_ctx_325176070/libs/dash/lib/esp8266"
mount from "/fwbuild-volumes/2.0/apps/aws-sfmd-js/esp8266/build_contexts/build_ctx_325176070/libs/ota-http-client/lib/esp8266" to "/fwbuild-volumes/2.0/apps/aws-sfmd-js/esp8266/build_contexts/build_ctx_325176070/libs/ota-http-client/lib/esp8266"
mount from "/fwbuild-volumes/2.0/apps/aws-sfmd-js/esp8266/build_contexts/build_ctx_325176070/libs/ota-http-server/lib/esp8266" to "/fwbuild-volumes/2.0/apps/aws-sfmd-js/esp8266/build_contexts/build_ctx_325176070/libs/ota-http-server/lib/esp8266"
mount from "/fwbuild-volumes/2.0/apps/aws-sfmd-js/esp8266/build_contexts/build_ctx_325176070/libs/rpc-service-ota/lib/esp8266" to "/fwbuild-volumes/2.0/apps/aws-sfmd-js/esp8266/build_contexts/build_ctx_325176070/libs/rpc-service-ota/lib/esp8266"
mount from "/fwbuild-volumes/2.0/apps/aws-sfmd-js/esp8266/build_contexts/build_ctx_325176070/build/gen" to "/fwbuild-volumes/2.0/apps/aws-sfmd-js/esp8266/build_contexts/build_ctx_325176070/build/gen"
Docker arguments: run --name mos_build_2018-04-17T19-15-34-00_3438438016542033771 --rm -i -v /fwbuild-volumes/2.0/apps/aws-sfmd-js/esp8266/build_contexts/build_ctx_325176070/libs/dht/include:/fwbuild-volumes/2.0/apps/aws-sfmd-js/esp8266/build_contexts/build_ctx_325176070/libs/dht/include -v /fwbuild-volumes/2.0/apps/aws-sfmd-js/esp8266/build_contexts/build_ctx_325176070/libs/dht/mjs_fs:/fwbuild-volumes/2.0/apps/aws-sfmd-js/esp8266/build_contexts/build_ctx_325176070/libs/dht/mjs_fs -v /fwbuild-volumes/2.0/apps/aws-sfmd-js/esp8266/build_contexts/build_ctx_325176070/libs/mongoose/lib/esp8266:/fwbuild-volumes/2.0/apps/aws-sfmd-js/esp8266/build_contexts/build_ctx_325176070/libs/mongoose/lib/esp8266 -v /fwbuild-volumes/2.0/apps/aws-sfmd-js/esp8266/build_contexts/build_ctx_325176070/libs/rpc-service-ota/lib/esp8266:/fwbuild-volumes/2.0/apps/aws-sfmd-js/esp8266/build_contexts/build_ctx_325176070/libs/rpc-service-ota/lib/esp8266 -v /fwbuild-volumes/2.0/apps/aws-sfmd-js/esp8266/build_contexts/build_ctx_325176070/libs/shadow/src:/fwbuild-volumes/2.0/apps/aws-sfmd-js/esp8266/build_contexts/build_ctx_325176070/libs/shadow/src -v /fwbuild-volumes/2.0/apps/aws-sfmd-js/esp8266/build_contexts/build_ctx_325176070/libs/http-server/src:/fwbuild-volumes/2.0/apps/aws-sfmd-js/esp8266/build_contexts/build_ctx_325176070/libs/http-server/src -v /fwbuild-volumes/2.0/apps/aws-sfmd-js/esp8266/build_contexts/build_ctx_325176070/libs/dht/src:/fwbuild-volumes/2.0/apps/aws-sfmd-js/esp8266/build_contexts/build_ctx_325176070/libs/dht/src -v /fwbuild-volumes/2.0/apps/aws-sfmd-js/esp8266/build_contexts/build_ctx_325176070/libs/gcp/src:/fwbuild-volumes/2.0/apps/aws-sfmd-js/esp8266/build_contexts/build_ctx_325176070/libs/gcp/src -v /fwbuild-volumes/2.0/apps/aws-sfmd-js/esp8266/build_contexts/build_ctx_325176070/libs/vfs-dev-spi-flash/src:/fwbuild-volumes/2.0/apps/aws-sfmd-js/esp8266/build_contexts/build_ctx_325176070/libs/vfs-dev-spi-flash/src -v /fwbuild-volumes/2.0/apps/aws-sfmd-js/esp8266/build_contexts/build_ctx_325176070/libs/rpc-common/include:/fwbuild-volumes/2.0/apps/aws-sfmd-js/esp8266/build_contexts/build_ctx_325176070/libs/rpc-common/include -v /fwbuild-volumes/2.0/apps/aws-sfmd-js/esp8266/build_contexts/build_ctx_325176070/libs/ca-bundle/src:/fwbuild-volumes/2.0/apps/aws-sfmd-js/esp8266/build_contexts/build_ctx_325176070/libs/ca-bundle/src -v /fwbuild-volumes/2.0/apps/aws-sfmd-js/esp8266/build_contexts/build_ctx_325176070/libs/aws/src:/fwbuild-volumes/2.0/apps/aws-sfmd-js/esp8266/build_contexts/build_ctx_325176070/libs/aws/src -v /fwbuild-volumes/2.0/apps/aws-sfmd-js/esp8266/build_contexts/build_ctx_325176070/libs/rpc-loopback/src:/fwbuild-volumes/2.0/apps/aws-sfmd-js/esp8266/build_contexts/build_ctx_325176070/libs/rpc-loopback/src -v /fwbuild-volumes/2.0/apps/aws-sfmd-js/esp8266/build_contexts/build_ctx_325176070/libs/rpc-uart/src:/fwbuild-volumes/2.0/apps/aws-sfmd-js/esp8266/build_contexts/build_ctx_325176070/libs/rpc-uart/src -v /fwbuild-volumes/2.0/apps/aws-sfmd-js/esp8266/build_contexts/build_ctx_325176070/libs/adc/esp8266/include:/fwbuild-volumes/2.0/apps/aws-sfmd-js/esp8266/build_contexts/build_ctx_325176070/libs/adc/esp8266/include -v /fwbuild-volumes/2.0/apps/aws-sfmd-js/esp8266/build_contexts/build_ctx_325176070/libs/aws/include:/fwbuild-volumes/2.0/apps/aws-sfmd-js/esp8266/build_contexts/build_ctx_325176070/libs/aws/include -v /fwbuild-volumes/2.0/apps/aws-sfmd-js/esp8266/build_contexts/build_ctx_325176070/libs/aws/mjs_fs:/fwbuild-volumes/2.0/apps/aws-sfmd-js/esp8266/build_contexts/build_ctx_325176070/libs/aws/mjs_fs -v /fwbuild-volumes/2.0/apps/aws-sfmd-js/esp8266/build_contexts/build_ctx_325176070/libs/wifi/src:/fwbuild-volumes/2.0/apps/aws-sfmd-js/esp8266/build_contexts/build_ctx_325176070/libs/wifi/src -v /fwbuild-volumes/2.0/apps/aws-sfmd-js/esp8266/build_contexts/build_ctx_325176070/libs/spi/src/common_gpio:/fwbuild-volumes/2.0/apps/aws-sfmd-js/esp8266/build_contexts/build_ctx_325176070/libs/spi/src/common_gpio -v /fwbuild-volumes/2.0/apps/aws-sfmd-js/esp8266/build_contexts/build_ctx_325176070/libs/mjs/src:/fwbuild-volumes/2.0/apps/aws-sfmd-js/esp8266/build_contexts/build_ctx_325176070/libs/mjs/src -v /fwbuild-volumes/2.0/apps/aws-sfmd-js/esp8266/build_contexts/build_ctx_325176070/modules/mjs_module:/fwbuild-volumes/2.0/apps/aws-sfmd-js/esp8266/build_contexts/build_ctx_325176070/modules/mjs_module -v /fwbuild-volumes/2.0/apps/aws-sfmd-js/esp8266/build_contexts/build_ctx_325176070/libs/adc/include:/fwbuild-volumes/2.0/apps/aws-sfmd-js/esp8266/build_contexts/build_ctx_325176070/libs/adc/include -v /fwbuild-volumes/2.0/apps/aws-sfmd-js/esp8266/build_contexts/build_ctx_325176070/libs/mqtt/include:/fwbuild-volumes/2.0/apps/aws-sfmd-js/esp8266/build_contexts/build_ctx_325176070/libs/mqtt/include -v /fwbuild-volumes/2.0/apps/aws-sfmd-js/esp8266/build_contexts/build_ctx_325176070/libs/mjs/fs:/fwbuild-volumes/2.0/apps/aws-sfmd-js/esp8266/build_contexts/build_ctx_325176070/libs/mjs/fs -v /fwbuild-volumes/2.0/apps/aws-sfmd-js/esp8266/build_contexts/build_ctx_325176070/libs/wifi/mjs_fs:/fwbuild-volumes/2.0/apps/aws-sfmd-js/esp8266/build_contexts/build_ctx_325176070/libs/wifi/mjs_fs -v /fwbuild-volumes/2.0/apps/aws-sfmd-js/esp8266/build_contexts/build_ctx_325176070:/app -v /fwbuild-volumes/2.0/apps/aws-sfmd-js/esp8266/build_contexts/build_ctx_325176070/build/gen:/fwbuild-volumes/2.0/apps/aws-sfmd-js/esp8266/build_contexts/build_ctx_325176070/build/gen -v /fwbuild-volumes/2.0/apps/aws-sfmd-js/esp8266/build_contexts/build_ctx_325176070/libs/mqtt/src:/fwbuild-volumes/2.0/apps/aws-sfmd-js/esp8266/build_contexts/build_ctx_325176070/libs/mqtt/src -v /fwbuild-volumes/2.0/apps/aws-sfmd-js/esp8266/build_contexts/build_ctx_325176070/libs/spi/src:/fwbuild-volumes/2.0/apps/aws-sfmd-js/esp8266/build_contexts/build_ctx_325176070/libs/spi/src -v /fwbuild-volumes/2.0/apps/aws-sfmd-js/esp8266/build_contexts/build_ctx_325176070/libs/js-demo-bundle/src:/fwbuild-volumes/2.0/apps/aws-sfmd-js/esp8266/build_contexts/build_ctx_325176070/libs/js-demo-bundle/src -v /fwbuild-volumes/2.0/apps/aws-sfmd-js/esp8266/build_contexts/build_ctx_325176070/libs/rpc-common/include/mg_rpc:/fwbuild-volumes/2.0/apps/aws-sfmd-js/esp8266/build_contexts/build_ctx_325176070/libs/rpc-common/include/mg_rpc -v /fwbuild-volumes/2.0/apps/aws-sfmd-js/esp8266/build_contexts/build_ctx_325176070/libs/rpc-service-ota/include:/fwbuild-volumes/2.0/apps/aws-sfmd-js/esp8266/build_contexts/build_ctx_325176070/libs/rpc-service-ota/include -v /fwbuild-volumes/2.0/apps/aws-sfmd-js/esp8266/build_contexts/build_ctx_325176070/libs/mjs/include:/fwbuild-volumes/2.0/apps/aws-sfmd-js/esp8266/build_contexts/build_ctx_325176070/libs/mjs/include -v /fwbuild-volumes/2.0/apps/aws-sfmd-js/esp8266/build_contexts/build_ctx_325176070/modules/mongoose-os:/fwbuild-volumes/2.0/apps/aws-sfmd-js/esp8266/build_contexts/build_ctx_325176070/modules/mongoose-os -v /fwbuild-volumes/2.0/apps/aws-sfmd-js/esp8266/build_contexts/build_ctx_325176070/libs/i2c/src:/fwbuild-volumes/2.0/apps/aws-sfmd-js/esp8266/build_contexts/build_ctx_325176070/libs/i2c/src -v /fwbuild-volumes/2.0/apps/aws-sfmd-js/esp8266/build_contexts/build_ctx_325176070/libs/i2c/src/common_gpio:/fwbuild-volumes/2.0/apps/aws-sfmd-js/esp8266/build_contexts/build_ctx_325176070/libs/i2c/src/common_gpio -v /fwbuild-volumes/2.0/apps/aws-sfmd-js/esp8266/build_contexts/build_ctx_325176070/libs/dns-sd/src/lwip:/fwbuild-volumes/2.0/apps/aws-sfmd-js/esp8266/build_contexts/build_ctx_325176070/libs/dns-sd/src/lwip -v /fwbuild-volumes/2.0/apps/aws-sfmd-js/esp8266/build_contexts/build_ctx_325176070/libs/ota-shadow/lib/esp8266:/fwbuild-volumes/2.0/apps/aws-sfmd-js/esp8266/build_contexts/build_ctx_325176070/libs/ota-shadow/lib/esp8266 -v /fwbuild-volumes/2.0/apps/aws-sfmd-js/esp8266/build_contexts/build_ctx_325176070/libs/rpc-service-wifi/src:/fwbuild-volumes/2.0/apps/aws-sfmd-js/esp8266/build_contexts/build_ctx_325176070/libs/rpc-service-wifi/src -v /fwbuild-volumes/2.0/apps/aws-sfmd-js/esp8266/build_contexts/build_ctx_325176070/libs/ota-http-client/mjs_fs:/fwbuild-volumes/2.0/apps/aws-sfmd-js/esp8266/build_contexts/build_ctx_325176070/libs/ota-http-client/mjs_fs -v /fwbuild-volumes/2.0/apps/aws-sfmd-js/esp8266/build_contexts/build_ctx_325176070/build:/fwbuild-volumes/2.0/apps/aws-sfmd-js/esp8266/build_contexts/build_ctx_325176070/build -v /fwbuild-volumes/2.0/apps/aws-sfmd-js/esp8266/build_contexts/build_ctx_325176070/libs/adc/esp8266/src:/fwbuild-volumes/2.0/apps/aws-sfmd-js/esp8266/build_contexts/build_ctx_325176070/libs/adc/esp8266/src -v /fwbuild-volumes/2.0/apps/aws-sfmd-js/esp8266/build_contexts/build_ctx_325176070/libs/wifi/esp8266/src:/fwbuild-volumes/2.0/apps/aws-sfmd-js/esp8266/build_contexts/build_ctx_325176070/libs/wifi/esp8266/src -v /fwbuild-volumes/2.0/apps/aws-sfmd-js/esp8266/build_contexts/build_ctx_325176070/libs/pwm/src:/fwbuild-volumes/2.0/apps/aws-sfmd-js/esp8266/build_contexts/build_ctx_325176070/libs/pwm/src -v /fwbuild-volumes/2.0/apps/aws-sfmd-js/esp8266/build_contexts/build_ctx_325176070/src:/fwbuild-volumes/2.0/apps/aws-sfmd-js/esp8266/build_contexts/build_ctx_325176070/src -v /fwbuild-volumes/2.0/apps/aws-sfmd-js/esp8266/build_contexts/build_ctx_325176070/libs/i2c/include:/fwbuild-volumes/2.0/apps/aws-sfmd-js/esp8266/build_contexts/build_ctx_325176070/libs/i2c/include -v /fwbuild-volumes/2.0/apps/aws-sfmd-js/esp8266/build_contexts/build_ctx_325176070/libs/pwm/include:/fwbuild-volumes/2.0/apps/aws-sfmd-js/esp8266/build_contexts/build_ctx_325176070/libs/pwm/include -v /fwbuild-volumes/2.0/apps/aws-sfmd-js/esp8266/build_contexts/build_ctx_325176070/libs/shadow/mjs_fs:/fwbuild-volumes/2.0/apps/aws-sfmd-js/esp8266/build_contexts/build_ctx_325176070/libs/shadow/mjs_fs -v /fwbuild-volumes/2.0/apps/aws-sfmd-js/esp8266/build_contexts/build_ctx_325176070/libs/dns-sd/src:/fwbuild-volumes/2.0/apps/aws-sfmd-js/esp8266/build_contexts/build_ctx_325176070/libs/dns-sd/src -v /fwbuild-volumes/2.0/apps/aws-sfmd-js/esp8266/build_contexts/build_ctx_325176070/libs/rpc-service-i2c/src:/fwbuild-volumes/2.0/apps/aws-sfmd-js/esp8266/build_contexts/build_ctx_325176070/libs/rpc-service-i2c/src -v /fwbuild-volumes/2.0/apps/aws-sfmd-js/esp8266/build_contexts/build_ctx_325176070/libs/spi/mjs_fs:/fwbuild-volumes/2.0/apps/aws-sfmd-js/esp8266/build_contexts/build_ctx_325176070/libs/spi/mjs_fs -v /fwbuild-volumes/2.0/apps/aws-sfmd-js/esp8266/build_contexts/build_ctx_325176070/fs:/fwbuild-volumes/2.0/apps/aws-sfmd-js/esp8266/build_contexts/build_ctx_325176070/fs -v /fwbuild-volumes/2.0/apps/aws-sfmd-js/esp8266/build_contexts/build_ctx_325176070/libs/rpc-service-atca/src:/fwbuild-volumes/2.0/apps/aws-sfmd-js/esp8266/build_contexts/build_ctx_325176070/libs/rpc-service-atca/src -v /fwbuild-volumes/2.0/apps/aws-sfmd-js/esp8266/build_contexts/build_ctx_325176070/libs/mongoose/include:/fwbuild-volumes/2.0/apps/aws-sfmd-js/esp8266/build_contexts/build_ctx_325176070/libs/mongoose/include -v /fwbuild-volumes/2.0/apps/aws-sfmd-js/esp8266/build_contexts/build_ctx_325176070/libs/dns-sd/include:/fwbuild-volumes/2.0/apps/aws-sfmd-js/esp8266/build_contexts/build_ctx_325176070/libs/dns-sd/include -v /fwbuild-volumes/2.0/apps/aws-sfmd-js/esp8266/build_contexts/build_ctx_325176070/libs/vfs-dev-spi-flash/include:/fwbuild-volumes/2.0/apps/aws-sfmd-js/esp8266/build_contexts/build_ctx_325176070/libs/vfs-dev-spi-flash/include -v /fwbuild-volumes/2.0/apps/aws-sfmd-js/esp8266/build_contexts/build_ctx_325176070/libs/rpc-common/src:/fwbuild-volumes/2.0/apps/aws-sfmd-js/esp8266/build_contexts/build_ctx_325176070/libs/rpc-common/src -v /fwbuild-volumes/2.0/apps/aws-sfmd-js/esp8266/build_contexts/build_ctx_325176070/libs/mqtt/mjs_fs:/fwbuild-volumes/2.0/apps/aws-sfmd-js/esp8266/build_contexts/build_ctx_325176070/libs/mqtt/mjs_fs -v /fwbuild-volumes/2.0/apps/aws-sfmd-js/esp8266/build_contexts/build_ctx_325176070/libs/wifi/include:/fwbuild-volumes/2.0/apps/aws-sfmd-js/esp8266/build_contexts/build_ctx_325176070/libs/wifi/include -v /fwbuild-volumes/2.0/apps/aws-sfmd-js/esp8266/build_contexts/build_ctx_325176070/libs/http-server/include:/fwbuild-volumes/2.0/apps/aws-sfmd-js/esp8266/build_contexts/build_ctx_325176070/libs/http-server/include -v /fwbuild-volumes/2.0/apps/aws-sfmd-js/esp8266/build_contexts/build_ctx_325176070/libs/ota-http-client/include:/fwbuild-volumes/2.0/apps/aws-sfmd-js/esp8266/build_contexts/build_ctx_325176070/libs/ota-http-client/include -v /fwbuild-volumes/2.0/apps/aws-sfmd-js/esp8266/build_contexts/build_ctx_325176070/libs/ota-http-server/include:/fwbuild-volumes/2.0/apps/aws-sfmd-js/esp8266/build_contexts/build_ctx_325176070/libs/ota-http-server/include -v /fwbuild-volumes/2.0/apps/aws-sfmd-js/esp8266/build_contexts/build_ctx_325176070/modules/mongoose-os:/mongoose-os -v /fwbuild-volumes/2.0/apps/aws-sfmd-js/esp8266/build_contexts/build_ctx_325176070/libs/sntp/src:/fwbuild-volumes/2.0/apps/aws-sfmd-js/esp8266/build_contexts/build_ctx_325176070/libs/sntp/src -v /fwbuild-volumes/2.0/apps/aws-sfmd-js/esp8266/build_contexts/build_ctx_325176070/libs/rpc-service-config/src:/fwbuild-volumes/2.0/apps/aws-sfmd-js/esp8266/build_contexts/build_ctx_325176070/libs/rpc-service-config/src -v /fwbuild-volumes/2.0/apps/aws-sfmd-js/esp8266/build_contexts/build_ctx_325176070/libs/rpc-service-gpio/src:/fwbuild-volumes/2.0/apps/aws-sfmd-js/esp8266/build_contexts/build_ctx_325176070/libs/rpc-service-gpio/src -v /fwbuild-volumes/2.0/apps/aws-sfmd-js/esp8266/build_contexts/build_ctx_325176070/libs/rpc-service-gpio/include:/fwbuild-volumes/2.0/apps/aws-sfmd-js/esp8266/build_contexts/build_ctx_325176070/libs/rpc-service-gpio/include -v /fwbuild-volumes/2.0/apps/aws-sfmd-js/esp8266/build_contexts/build_ctx_325176070/libs/ca-bundle/fs:/fwbuild-volumes/2.0/apps/aws-sfmd-js/esp8266/build_contexts/build_ctx_325176070/libs/ca-bundle/fs -v /fwbuild-volumes/2.0/apps/aws-sfmd-js/esp8266/build_contexts/build_ctx_325176070/libs/adc/mjs_fs:/fwbuild-volumes/2.0/apps/aws-sfmd-js/esp8266/build_contexts/build_ctx_325176070/libs/adc/mjs_fs -v /fwbuild-volumes/2.0/apps/aws-sfmd-js/esp8266/build_contexts/build_ctx_325176070/libs/i2c/mjs_fs:/fwbuild-volumes/2.0/apps/aws-sfmd-js/esp8266/build_contexts/build_ctx_325176070/libs/i2c/mjs_fs -v /fwbuild-volumes/2.0/apps/aws-sfmd-js/esp8266/build_contexts/build_ctx_325176070/libs/rpc-service-i2c/include:/fwbuild-volumes/2.0/apps/aws-sfmd-js/esp8266/build_contexts/build_ctx_325176070/libs/rpc-service-i2c/include -v /fwbuild-volumes/2.0/apps/aws-sfmd-js/esp8266/build_contexts/build_ctx_325176070/libs/rpc-uart/include:/fwbuild-volumes/2.0/apps/aws-sfmd-js/esp8266/build_contexts/build_ctx_325176070/libs/rpc-uart/include -v /fwbuild-volumes/2.0/apps/aws-sfmd-js/esp8266/build_contexts/build_ctx_325176070/libs/rpc-common/mjs_fs:/fwbuild-volumes/2.0/apps/aws-sfmd-js/esp8266/build_contexts/build_ctx_325176070/libs/rpc-common/mjs_fs -v /fwbuild-volumes/2.0/apps/aws-sfmd-js/esp8266/build_contexts/build_ctx_325176070/libs/rpc-mqtt/include:/fwbuild-volumes/2.0/apps/aws-sfmd-js/esp8266/build_contexts/build_ctx_325176070/libs/rpc-mqtt/include -v /fwbuild-volumes/2.0/apps/aws-sfmd-js/esp8266/build_contexts/build_ctx_325176070/libs/ota-http-client/lib/esp8266:/fwbuild-volumes/2.0/apps/aws-sfmd-js/esp8266/build_contexts/build_ctx_325176070/libs/ota-http-client/lib/esp8266 -v /fwbuild-volumes/2.0/apps/aws-sfmd-js/esp8266/build_contexts/build_ctx_325176070/libs/rpc-common/src/mg_rpc:/fwbuild-volumes/2.0/apps/aws-sfmd-js/esp8266/build_contexts/build_ctx_325176070/libs/rpc-common/src/mg_rpc -v /fwbuild-volumes/2.0/apps/aws-sfmd-js/esp8266/build_contexts/build_ctx_325176070/libs/shadow/include:/fwbuild-volumes/2.0/apps/aws-sfmd-js/esp8266/build_contexts/build_ctx_325176070/libs/shadow/include -v /fwbuild-volumes/2.0/apps/aws-sfmd-js/esp8266/build_contexts/build_ctx_325176070/libs/atca/include:/fwbuild-volumes/2.0/apps/aws-sfmd-js/esp8266/build_contexts/build_ctx_325176070/libs/atca/include -v /fwbuild-volumes/2.0/apps/aws-sfmd-js/esp8266/build_contexts/build_ctx_325176070/libs/dash/include:/fwbuild-volumes/2.0/apps/aws-sfmd-js/esp8266/build_contexts/build_ctx_325176070/libs/dash/include -v /fwbuild-volumes/2.0/apps/aws-sfmd-js/esp8266/build_contexts/build_ctx_325176070/libs/mjs/esp8266/fs:/fwbuild-volumes/2.0/apps/aws-sfmd-js/esp8266/build_contexts/build_ctx_325176070/libs/mjs/esp8266/fs -v /fwbuild-volumes/2.0/apps/aws-sfmd-js/esp8266/build_contexts/build_ctx_325176070/libs/atca/src:/fwbuild-volumes/2.0/apps/aws-sfmd-js/esp8266/build_contexts/build_ctx_325176070/libs/atca/src -v /fwbuild-volumes/2.0/apps/aws-sfmd-js/esp8266/build_contexts/build_ctx_325176070/libs/rpc-mqtt/src:/fwbuild-volumes/2.0/apps/aws-sfmd-js/esp8266/build_contexts/build_ctx_325176070/libs/rpc-mqtt/src -v /fwbuild-volumes/2.0/apps/aws-sfmd-js/esp8266/build_contexts/build_ctx_325176070/libs/demo-bundle/src:/fwbuild-volumes/2.0/apps/aws-sfmd-js/esp8266/build_contexts/build_ctx_325176070/libs/demo-bundle/src -v /fwbuild-volumes/2.0/apps/aws-sfmd-js/esp8266/build_contexts/build_ctx_325176070/libs/spi/include:/fwbuild-volumes/2.0/apps/aws-sfmd-js/esp8266/build_contexts/build_ctx_325176070/libs/spi/include -v /fwbuild-volumes/2.0/apps/aws-sfmd-js/esp8266/build_contexts/build_ctx_325176070/libs/gcp/include:/fwbuild-volumes/2.0/apps/aws-sfmd-js/esp8266/build_contexts/build_ctx_325176070/libs/gcp/include -v /fwbuild-volumes/2.0/apps/aws-sfmd-js/esp8266/build_contexts/build_ctx_325176070/libs/ota-http-server/lib/esp8266:/fwbuild-volumes/2.0/apps/aws-sfmd-js/esp8266/build_contexts/build_ctx_325176070/libs/ota-http-server/lib/esp8266 -v /fwbuild-volumes/2.0/apps/aws-sfmd-js/esp8266/build_contexts/build_ctx_325176070/libs/pwm/src/esp8266:/fwbuild-volumes/2.0/apps/aws-sfmd-js/esp8266/build_contexts/build_ctx_325176070/libs/pwm/src/esp8266 -v /fwbuild-volumes/2.0/apps/aws-sfmd-js/esp8266/build_contexts/build_ctx_325176070/libs/rpc-service-fs/src:/fwbuild-volumes/2.0/apps/aws-sfmd-js/esp8266/build_contexts/build_ctx_325176070/libs/rpc-service-fs/src -v /fwbuild-volumes/2.0/apps/aws-sfmd-js/esp8266/build_contexts/build_ctx_325176070/libs/mjs/esp8266/src:/fwbuild-volumes/2.0/apps/aws-sfmd-js/esp8266/build_contexts/build_ctx_325176070/libs/mjs/esp8266/src -v /fwbuild-volumes/2.0/apps/aws-sfmd-js/esp8266/build_contexts/build_ctx_325176070/libs/sntp/include:/fwbuild-volumes/2.0/apps/aws-sfmd-js/esp8266/build_contexts/build_ctx_325176070/libs/sntp/include -v /fwbuild-volumes/2.0/apps/aws-sfmd-js/esp8266/build_contexts/build_ctx_325176070/libs/pwm/mjs_fs:/fwbuild-volumes/2.0/apps/aws-sfmd-js/esp8266/build_contexts/build_ctx_325176070/libs/pwm/mjs_fs -v /fwbuild-volumes/2.0/apps/aws-sfmd-js/esp8266/build_contexts/build_ctx_325176070/libs/dash/lib/esp8266:/fwbuild-volumes/2.0/apps/aws-sfmd-js/esp8266/build_contexts/build_ctx_325176070/libs/dash/lib/esp8266 -v /fwbuild-volumes/2.0/apps/aws-sfmd-js/esp8266/build_contexts/build_ctx_325176070/libs/rpc-loopback/include:/fwbuild-volumes/2.0/apps/aws-sfmd-js/esp8266/build_contexts/build_ctx_325176070/libs/rpc-loopback/include -v /fwbuild-volumes/2.0/apps/aws-sfmd-js/esp8266/build_contexts/build_ctx_325176070/libs/rpc-service-config/include:/fwbuild-volumes/2.0/apps/aws-sfmd-js/esp8266/build_contexts/build_ctx_325176070/libs/rpc-service-config/include -v /fwbuild-volumes/2.0/apps/aws-sfmd-js/esp8266/build_contexts/build_ctx_325176070/libs/rpc-service-fs/include:/fwbuild-volumes/2.0/apps/aws-sfmd-js/esp8266/build_contexts/build_ctx_325176070/libs/rpc-service-fs/include -v /fwbuild-volumes/2.0/apps/aws-sfmd-js/esp8266/build_contexts/build_ctx_325176070/modules/mjs_module/mjs/lib:/fwbuild-volumes/2.0/apps/aws-sfmd-js/esp8266/build_contexts/build_ctx_325176070/modules/mjs_module/mjs/lib --user 0:0 docker.cesanta.com/esp8266-build:2.2.1-1.5.0-r1 /bin/bash -c nice make '-j' '16' '-C' '/app' '-f' '/mongoose-os/fw/platforms/esp8266/Makefile.build' 'all' 'APP=aws-sfmd-js' 'MGOS_HAVE_RPC_MQTT=1' 'MGOS_HAVE_RPC_SERVICE_WIFI=1' 'MGOS_HAVE_RPC_SERVICE_FS=1' 'APP_INCLUDES=/fwbuild-volumes/2.0/apps/aws-sfmd-js/esp8266/build_contexts/build_ctx_325176070/libs/adc/include /fwbuild-volumes/2.0/apps/aws-sfmd-js/esp8266/build_contexts/build_ctx_325176070/libs/adc/esp8266/include /fwbuild-volumes/2.0/apps/aws-sfmd-js/esp8266/build_contexts/build_ctx_325176070/libs/mongoose/include /fwbuild-volumes/2.0/apps/aws-sfmd-js/esp8266/build_contexts/build_ctx_325176070/libs/mqtt/include /fwbuild-volumes/2.0/apps/aws-sfmd-js/esp8266/build_contexts/build_ctx_325176070/libs/shadow/include /fwbuild-volumes/2.0/apps/aws-sfmd-js/esp8266/build_contexts/build_ctx_325176070/libs/aws/include /fwbuild-volumes/2.0/apps/aws-sfmd-js/esp8266/build_contexts/build_ctx_325176070/libs/i2c/include /fwbuild-volumes/2.0/apps/aws-sfmd-js/esp8266/build_contexts/build_ctx_325176070/libs/atca/include /fwbuild-volumes/2.0/apps/aws-sfmd-js/esp8266/build_contexts/build_ctx_325176070/libs/wifi/include /fwbuild-volumes/2.0/apps/aws-sfmd-js/esp8266/build_contexts/build_ctx_325176070/libs/http-server/include /fwbuild-volumes/2.0/apps/aws-sfmd-js/esp8266/build_contexts/build_ctx_325176070/libs/rpc-common/include/mg_rpc /fwbuild-volumes/2.0/apps/aws-sfmd-js/esp8266/build_contexts/build_ctx_325176070/libs/rpc-common/include /fwbuild-volumes/2.0/apps/aws-sfmd-js/esp8266/build_contexts/build_ctx_325176070/libs/dash/include /fwbuild-volumes/2.0/apps/aws-sfmd-js/esp8266/build_contexts/build_ctx_325176070/libs/dht/include /fwbuild-volumes/2.0/apps/aws-sfmd-js/esp8266/build_contexts/build_ctx_325176070/libs/dns-sd/include /fwbuild-volumes/2.0/apps/aws-sfmd-js/esp8266/build_contexts/build_ctx_325176070/libs/sntp/include /fwbuild-volumes/2.0/apps/aws-sfmd-js/esp8266/build_contexts/build_ctx_325176070/libs/gcp/include /fwbuild-volumes/2.0/apps/aws-sfmd-js/esp8266/build_contexts/build_ctx_325176070/libs/ota-http-client/include /fwbuild-volumes/2.0/apps/aws-sfmd-js/esp8266/build_contexts/build_ctx_325176070/libs/ota-http-server/include /fwbuild-volumes/2.0/apps/aws-sfmd-js/esp8266/build_contexts/build_ctx_325176070/libs/pwm/include /fwbuild-volumes/2.0/apps/aws-sfmd-js/esp8266/build_contexts/build_ctx_325176070/libs/rpc-loopback/include /fwbuild-volumes/2.0/apps/aws-sfmd-js/esp8266/build_contexts/build_ctx_325176070/libs/rpc-mqtt/include /fwbuild-volumes/2.0/apps/aws-sfmd-js/esp8266/build_contexts/build_ctx_325176070/libs/rpc-service-config/include /fwbuild-volumes/2.0/apps/aws-sfmd-js/esp8266/build_contexts/build_ctx_325176070/libs/rpc-service-fs/include /fwbuild-volumes/2.0/apps/aws-sfmd-js/esp8266/build_contexts/build_ctx_325176070/libs/rpc-service-gpio/include /fwbuild-volumes/2.0/apps/aws-sfmd-js/esp8266/build_contexts/build_ctx_325176070/libs/rpc-service-i2c/include /fwbuild-volumes/2.0/apps/aws-sfmd-js/esp8266/build_contexts/build_ctx_325176070/libs/rpc-service-ota/include /fwbuild-volumes/2.0/apps/aws-sfmd-js/esp8266/build_contexts/build_ctx_325176070/libs/rpc-uart/include /fwbuild-volumes/2.0/apps/aws-sfmd-js/esp8266/build_contexts/build_ctx_325176070/libs/spi/include /fwbuild-volumes/2.0/apps/aws-sfmd-js/esp8266/build_contexts/build_ctx_325176070/libs/vfs-dev-spi-flash/include /fwbuild-volumes/2.0/apps/aws-sfmd-js/esp8266/build_contexts/build_ctx_325176070/libs/mjs/include' 'MGOS_HAVE_ADC=1' 'MGOS_HAVE_DHT=1' 'MGOS_HAVE_RPC_SERVICE_ATCA=1' 'MGOS_HAVE_DASH=1' 'MGOS_PATH=/mongoose-os' 'APP_VERSION=1.0' 'GEN_DIR=/fwbuild-volumes/2.0/apps/aws-sfmd-js/esp8266/build_contexts/build_ctx_325176070/build/gen' 'MGOS_HAVE_GCP=1' 'MGOS_HAVE_OTA_SHADOW=1' 'MGOS_HAVE_HTTP_SERVER=1' 'MGOS_HAVE_AWS=1' 'MANIFEST_FINAL=/fwbuild-volumes/2.0/apps/aws-sfmd-js/esp8266/build_contexts/build_ctx_325176070/build/gen/mos_final.yml' 'APP_FS_FILES=/fwbuild-volumes/2.0/apps/aws-sfmd-js/esp8266/build_contexts/build_ctx_325176070/libs/ca-bundle/fs/ca.pem /fwbuild-volumes/2.0/apps/aws-sfmd-js/esp8266/build_contexts/build_ctx_325176070/libs/mjs/fs/api_bitbang.js /fwbuild-volumes/2.0/apps/aws-sfmd-js/esp8266/build_contexts/build_ctx_325176070/libs/mjs/fs/api_config.js /fwbuild-volumes/2.0/apps/aws-sfmd-js/esp8266/build_contexts/build_ctx_325176070/libs/mjs/fs/api_events.js /fwbuild-volumes/2.0/apps/aws-sfmd-js/esp8266/build_contexts/build_ctx_325176070/libs/mjs/fs/api_gpio.js /fwbuild-volumes/2.0/apps/aws-sfmd-js/esp8266/build_contexts/build_ctx_325176070/libs/mjs/fs/api_grove.js /fwbuild-volumes/2.0/apps/aws-sfmd-js/esp8266/build_contexts/build_ctx_325176070/libs/mjs/fs/api_http.js /fwbuild-volumes/2.0/apps/aws-sfmd-js/esp8266/build_contexts/build_ctx_325176070/libs/mjs/fs/api_log.js /fwbuild-volumes/2.0/apps/aws-sfmd-js/esp8266/build_contexts/build_ctx_325176070/libs/mjs/fs/api_net.js /fwbuild-volumes/2.0/apps/aws-sfmd-js/esp8266/build_contexts/build_ctx_325176070/libs/mjs/fs/api_sys.js /fwbuild-volumes/2.0/apps/aws-sfmd-js/esp8266/build_contexts/build_ctx_325176070/libs/mjs/fs/api_timer.js /fwbuild-volumes/2.0/apps/aws-sfmd-js/esp8266/build_contexts/build_ctx_325176070/libs/mjs/fs/api_uart.js /fwbuild-volumes/2.0/apps/aws-sfmd-js/esp8266/build_contexts/build_ctx_325176070/libs/mjs/fs/init.js /fwbuild-volumes/2.0/apps/aws-sfmd-js/esp8266/build_contexts/build_ctx_325176070/modules/mjs_module/mjs/lib/api_dataview.js /fwbuild-volumes/2.0/apps/aws-sfmd-js/esp8266/build_contexts/build_ctx_325176070/modules/mjs_module/mjs/lib/api_file.js /fwbuild-volumes/2.0/apps/aws-sfmd-js/esp8266/build_contexts/build_ctx_325176070/modules/mjs_module/mjs/lib/api_math.js /fwbuild-volumes/2.0/apps/aws-sfmd-js/esp8266/build_contexts/build_ctx_325176070/libs/adc/mjs_fs/api_adc.js /fwbuild-volumes/2.0/apps/aws-sfmd-js/esp8266/build_contexts/build_ctx_325176070/libs/mqtt/mjs_fs/api_mqtt.js /fwbuild-volumes/2.0/apps/aws-sfmd-js/esp8266/build_contexts/build_ctx_325176070/libs/shadow/mjs_fs/api_shadow.js /fwbuild-volumes/2.0/apps/aws-sfmd-js/esp8266/build_contexts/build_ctx_325176070/libs/aws/mjs_fs/api_aws.js /fwbuild-volumes/2.0/apps/aws-sfmd-js/esp8266/build_contexts/build_ctx_325176070/libs/i2c/mjs_fs/api_i2c.js /fwbuild-volumes/2.0/apps/aws-sfmd-js/esp8266/build_contexts/build_ctx_325176070/libs/wifi/mjs_fs/api_wifi.js /fwbuild-volumes/2.0/apps/aws-sfmd-js/esp8266/build_contexts/build_ctx_325176070/libs/rpc-common/mjs_fs/api_rpc.js /fwbuild-volumes/2.0/apps/aws-sfmd-js/esp8266/build_contexts/build_ctx_325176070/libs/dht/mjs_fs/api_dht.js /fwbuild-volumes/2.0/apps/aws-sfmd-js/esp8266/build_contexts/build_ctx_325176070/libs/ota-http-client/mjs_fs/api_ota.js /fwbuild-volumes/2.0/apps/aws-sfmd-js/esp8266/build_contexts/build_ctx_325176070/libs/pwm/mjs_fs/api_pwm.js /fwbuild-volumes/2.0/apps/aws-sfmd-js/esp8266/build_contexts/build_ctx_325176070/libs/spi/mjs_fs/api_spi.js /fwbuild-volumes/2.0/apps/aws-sfmd-js/esp8266/build_contexts/build_ctx_325176070/libs/mjs/esp8266/fs/api_arch_uart.js /fwbuild-volumes/2.0/apps/aws-sfmd-js/esp8266/build_contexts/build_ctx_325176070/libs/mjs/esp8266/fs/api_esp8266.js /fwbuild-volumes/2.0/apps/aws-sfmd-js/esp8266/build_contexts/build_ctx_325176070/fs/certificate.crt.pem /fwbuild-volumes/2.0/apps/aws-sfmd-js/esp8266/build_contexts/build_ctx_325176070/fs/conf1.json /fwbuild-volumes/2.0/apps/aws-sfmd-js/esp8266/build_contexts/build_ctx_325176070/fs/index.html /fwbuild-volumes/2.0/apps/aws-sfmd-js/esp8266/build_contexts/build_ctx_325176070/fs/init.js /fwbuild-volumes/2.0/apps/aws-sfmd-js/esp8266/build_contexts/build_ctx_325176070/fs/private.key.pem /fwbuild-volumes/2.0/apps/aws-sfmd-js/esp8266/build_contexts/build_ctx_325176070/fs/public.key.pem' 'MGOS_HAVE_SHADOW=1' 'MGOS_HAVE_DNS_SD=1' 'MGOS_HAVE_ATCA=1' 'APP_CONF_SCHEMA=/fwbuild-volumes/2.0/apps/aws-sfmd-js/esp8266/build_contexts/build_ctx_325176070/build/gen/mos_conf_schema.yml' 'FFI_SYMBOLS=' 'APP_SOURCES=/fwbuild-volumes/2.0/apps/aws-sfmd-js/esp8266/build_contexts/build_ctx_325176070/src/main.c /fwbuild-volumes/2.0/apps/aws-sfmd-js/esp8266/build_contexts/build_ctx_325176070/build/gen/mgos_deps_init.c /fwbuild-volumes/2.0/apps/aws-sfmd-js/esp8266/build_contexts/build_ctx_325176070/libs/adc/esp8266/src/esp_adc.c /fwbuild-volumes/2.0/apps/aws-sfmd-js/esp8266/build_contexts/build_ctx_325176070/libs/ca-bundle/src/mgos_ca_bundle.c /fwbuild-volumes/2.0/apps/aws-sfmd-js/esp8266/build_contexts/build_ctx_325176070/libs/mqtt/src/mgos_mqtt.c /fwbuild-volumes/2.0/apps/aws-sfmd-js/esp8266/build_contexts/build_ctx_325176070/libs/shadow/src/mgos_shadow.c /fwbuild-volumes/2.0/apps/aws-sfmd-js/esp8266/build_contexts/build_ctx_325176070/libs/aws/src/mgos_aws.c /fwbuild-volumes/2.0/apps/aws-sfmd-js/esp8266/build_contexts/build_ctx_325176070/libs/aws/src/mgos_aws_greengrass.c /fwbuild-volumes/2.0/apps/aws-sfmd-js/esp8266/build_contexts/build_ctx_325176070/libs/aws/src/mgos_aws_shadow.c /fwbuild-volumes/2.0/apps/aws-sfmd-js/esp8266/build_contexts/build_ctx_325176070/libs/i2c/src/mgos_i2c.c /fwbuild-volumes/2.0/apps/aws-sfmd-js/esp8266/build_contexts/build_ctx_325176070/libs/i2c/src/common_gpio/mgos_i2c_gpio.c /fwbuild-volumes/2.0/apps/aws-sfmd-js/esp8266/build_contexts/build_ctx_325176070/libs/atca/src/mgos_atca.c /fwbuild-volumes/2.0/apps/aws-sfmd-js/esp8266/build_contexts/build_ctx_325176070/libs/wifi/src/mgos_wifi.c /fwbuild-volumes/2.0/apps/aws-sfmd-js/esp8266/build_contexts/build_ctx_325176070/libs/wifi/src/mjs_wifi.c /fwbuild-volumes/2.0/apps/aws-sfmd-js/esp8266/build_contexts/build_ctx_325176070/libs/wifi/esp8266/src/esp_wifi.c /fwbuild-volumes/2.0/apps/aws-sfmd-js/esp8266/build_contexts/build_ctx_325176070/libs/http-server/src/mgos_http_server.c /fwbuild-volumes/2.0/apps/aws-sfmd-js/esp8266/build_contexts/build_ctx_325176070/libs/rpc-common/src/mg_rpc/mg_rpc.c /fwbuild-volumes/2.0/apps/aws-sfmd-js/esp8266/build_contexts/build_ctx_325176070/libs/rpc-common/src/mg_rpc/mg_rpc_channel.c /fwbuild-volumes/2.0/apps/aws-sfmd-js/esp8266/build_contexts/build_ctx_325176070/libs/rpc-common/src/mg_rpc/mg_rpc_channel_http.c /fwbuild-volumes/2.0/apps/aws-sfmd-js/esp8266/build_contexts/build_ctx_325176070/libs/rpc-common/src/mg_rpc/mg_rpc_channel_ws.c /fwbuild-volumes/2.0/apps/aws-sfmd-js/esp8266/build_contexts/build_ctx_325176070/libs/rpc-common/src/mgos_rpc.c /fwbuild-volumes/2.0/apps/aws-sfmd-js/esp8266/build_contexts/build_ctx_325176070/libs/dht/src/mgos_dht.c /fwbuild-volumes/2.0/apps/aws-sfmd-js/esp8266/build_contexts/build_ctx_325176070/libs/dns-sd/src/mgos_dns_sd.c /fwbuild-volumes/2.0/apps/aws-sfmd-js/esp8266/build_contexts/build_ctx_325176070/libs/dns-sd/src/mgos_mdns.c /fwbuild-volumes/2.0/apps/aws-sfmd-js/esp8266/build_contexts/build_ctx_325176070/libs/dns-sd/src/lwip/lwip_mdns.c /fwbuild-volumes/2.0/apps/aws-sfmd-js/esp8266/build_contexts/build_ctx_325176070/libs/sntp/src/mgos_sntp.c /fwbuild-volumes/2.0/apps/aws-sfmd-js/esp8266/build_contexts/build_ctx_325176070/libs/gcp/src/mgos_gcp.c /fwbuild-volumes/2.0/apps/aws-sfmd-js/esp8266/build_contexts/build_ctx_325176070/libs/pwm/src/mgos_pwm.c /fwbuild-volumes/2.0/apps/aws-sfmd-js/esp8266/build_contexts/build_ctx_325176070/libs/pwm/src/esp8266/esp_pwm.c /fwbuild-volumes/2.0/apps/aws-sfmd-js/esp8266/build_contexts/build_ctx_325176070/libs/rpc-loopback/src/mg_rpc_channel_loopback.c /fwbuild-volumes/2.0/apps/aws-sfmd-js/esp8266/build_contexts/build_ctx_325176070/libs/rpc-mqtt/src/mgos_rpc_channel_mqtt.c /fwbuild-volumes/2.0/apps/aws-sfmd-js/esp8266/build_contexts/build_ctx_325176070/libs/rpc-service-atca/src/mgos_atca_service.c /fwbuild-volumes/2.0/apps/aws-sfmd-js/esp8266/build_contexts/build_ctx_325176070/libs/rpc-service-config/src/mgos_service_config.c /fwbuild-volumes/2.0/apps/aws-sfmd-js/esp8266/build_contexts/build_ctx_325176070/libs/rpc-service-fs/src/mgos_service_filesystem.c /fwbuild-volumes/2.0/apps/aws-sfmd-js/esp8266/build_contexts/build_ctx_325176070/libs/rpc-service-gpio/src/mgos_gpio_service.c /fwbuild-volumes/2.0/apps/aws-sfmd-js/esp8266/build_contexts/build_ctx_325176070/libs/rpc-service-i2c/src/mgos_i2c_service.c /fwbuild-volumes/2.0/apps/aws-sfmd-js/esp8266/build_contexts/build_ctx_325176070/libs/rpc-service-wifi/src/mgos_rpc_service_wifi.c /fwbuild-volumes/2.0/apps/aws-sfmd-js/esp8266/build_contexts/build_ctx_325176070/libs/rpc-uart/src/mgos_rpc_channel_uart.c /fwbuild-volumes/2.0/apps/aws-sfmd-js/esp8266/build_contexts/build_ctx_325176070/libs/spi/src/mgos_spi.c /fwbuild-volumes/2.0/apps/aws-sfmd-js/esp8266/build_contexts/build_ctx_325176070/libs/spi/src/mgos_spi_mjs.c /fwbuild-volumes/2.0/apps/aws-sfmd-js/esp8266/build_contexts/build_ctx_325176070/libs/spi/src/common_gpio/mgos_spi_gpio.c /fwbuild-volumes/2.0/apps/aws-sfmd-js/esp8266/build_contexts/build_ctx_325176070/libs/vfs-dev-spi-flash/src/mgos_vfs_dev_spi_flash.c /fwbuild-volumes/2.0/apps/aws-sfmd-js/esp8266/build_contexts/build_ctx_325176070/libs/demo-bundle/src/mgos_demo_bundle.c /fwbuild-volumes/2.0/apps/aws-sfmd-js/esp8266/build_contexts/build_ctx_325176070/libs/mjs/src/mos_mjs.c /fwbuild-volumes/2.0/apps/aws-sfmd-js/esp8266/build_contexts/build_ctx_325176070/modules/mjs_module/mjs.c /fwbuild-volumes/2.0/apps/aws-sfmd-js/esp8266/build_contexts/build_ctx_325176070/libs/mjs/esp8266/src/esp8266_mjs.c /fwbuild-volumes/2.0/apps/aws-sfmd-js/esp8266/build_contexts/build_ctx_325176070/libs/js-demo-bundle/src/mgos_js_demo_bundle.c' 'MGOS_HAVE_CA_BUNDLE=1' 'MGOS_HAVE_RPC_SERVICE_CONFIG=1' 'MGOS_HAVE_DEMO_BUNDLE=1' 'MGOS_HAVE_WIFI=1' 'MGOS_HAVE_RPC_COMMON=1' 'MGOS_HAVE_RPC_LOOPBACK=1' 'MGOS_HAVE_JS_DEMO_BUNDLE=1' 'BUILD_DIR=/fwbuild-volumes/2.0/apps/aws-sfmd-js/esp8266/build_contexts/build_ctx_325176070/build/objs' 'PLATFORM=esp8266' 'MGOS_HAVE_OTA_HTTP_CLIENT=1' 'MGOS_HAVE_SPI=1' 'MGOS_HAVE_RPC_SERVICE_OTA=1' 'APP_CFLAGS=-DMGOS_WIFI_ENABLE_AP_STA=1 -DMGOS_HAVE_DNS_SD=1 -DMG_ENABLE_MQTT=1 -DMGOS_ENABLE_WEB_CONFIG=0 -DMGOS_HAVE_AWS=1 -DMGOS_HAVE_RPC_SERVICE_OTA=1 -DMGOS_HAVE_RPC_LOOPBACK=1 -DMGOS_HAVE_OTA_HTTP_SERVER=1 -DMGOS_ENABLE_SYS_SERVICE=1 -DMGOS_HAVE_MONGOOSE=1 -DMGOS_ENABLE_RPC_CHANNEL_WS=1 -DMGOS_HAVE_JS_DEMO_BUNDLE=1 -DMGOS_HAVE_SHADOW=1 -DMGOS_HAVE_SPI=1 -DMGOS_HAVE_RPC_SERVICE_FS=1 -DMGOS_HAVE_CA_BUNDLE=1 -DMGOS_HAVE_RPC_SERVICE_CONFIG=1 -DMGOS_HAVE_MJS=1 -DMGOS_HAVE_RPC_SERVICE_WIFI=1 -DMGOS_HAVE_RPC_SERVICE_ATCA=1 -DMGOS_HAVE_RPC_SERVICE_I2C=1 -DMG_ENABLE_DNS_SERVER=1 -DMGOS_HAVE_RPC_MQTT=1 -DMGOS_HAVE_WIFI=1 -DMGOS_HAVE_RPC_SERVICE_GPIO=1 -DMGOS_HAVE_DEMO_BUNDLE=1 -DMGOS_HAVE_RPC_COMMON=1 -DMG_ENABLE_SNTP=1 -DMGOS_HAVE_SNTP=1 -DMGOS_HAVE_GCP=1 -DMGOS_HAVE_OTA_SHADOW=1 -DMGOS_HAVE_PWM=1 -DMGOS_HAVE_HTTP_SERVER=1 -DMGOS_ENABLE_FILE_UPLOAD=1 -DMGOS_HAVE_VFS_DEV_SPI_FLASH=1 -DMGOS_HAVE_OTA_HTTP_CLIENT=1 -DMGOS_HAVE_I2C=1 -DMGOS_ENABLE_TUNNEL=0 -DMGOS_HAVE_RPC_UART=1 -DMGOS_HAVE_MQTT=1 -DMG_ENABLE_DNS=1 -DMGOS_HAVE_DHT=1 -DMGOS_ENABLE_RPC_CHANNEL_HTTP=1 -DMGOS_HAVE_ATCA=1 -DMGOS_HAVE_ADC=1 -DMGOS_HAVE_DASH=1' 'APP_CXXFLAGS=-DMGOS_HAVE_RPC_SERVICE_CONFIG=1 -DMGOS_HAVE_MJS=1 -DMGOS_HAVE_SHADOW=1 -DMGOS_HAVE_SPI=1 -DMGOS_HAVE_RPC_SERVICE_FS=1 -DMGOS_HAVE_CA_BUNDLE=1 -DMGOS_HAVE_RPC_MQTT=1 -DMGOS_HAVE_WIFI=1 -DMGOS_HAVE_RPC_SERVICE_WIFI=1 -DMGOS_HAVE_RPC_SERVICE_ATCA=1 -DMGOS_HAVE_RPC_SERVICE_I2C=1 -DMG_ENABLE_DNS_SERVER=1 -DMGOS_HAVE_RPC_SERVICE_GPIO=1 -DMGOS_HAVE_DEMO_BUNDLE=1 -DMGOS_HAVE_RPC_COMMON=1 -DMG_ENABLE_SNTP=1 -DMGOS_HAVE_SNTP=1 -DMGOS_HAVE_GCP=1 -DMGOS_HAVE_OTA_SHADOW=1 -DMGOS_HAVE_PWM=1 -DMGOS_ENABLE_TUNNEL=0 -DMGOS_HAVE_RPC_UART=1 -DMGOS_HAVE_HTTP_SERVER=1 -DMGOS_ENABLE_FILE_UPLOAD=1 -DMGOS_HAVE_VFS_DEV_SPI_FLASH=1 -DMGOS_HAVE_OTA_HTTP_CLIENT=1 -DMGOS_HAVE_I2C=1 -DMGOS_HAVE_ADC=1 -DMGOS_HAVE_DASH=1 -DMGOS_HAVE_MQTT=1 -DMG_ENABLE_DNS=1 -DMGOS_HAVE_DHT=1 -DMGOS_ENABLE_RPC_CHANNEL_HTTP=1 -DMGOS_HAVE_ATCA=1 -DMGOS_HAVE_AWS=1 -DMGOS_HAVE_RPC_SERVICE_OTA=1 -DMGOS_WIFI_ENABLE_AP_STA=1 -DMGOS_HAVE_DNS_SD=1 -DMG_ENABLE_MQTT=1 -DMGOS_ENABLE_WEB_CONFIG=0 -DMGOS_ENABLE_RPC_CHANNEL_WS=1 -DMGOS_HAVE_JS_DEMO_BUNDLE=1 -DMGOS_HAVE_RPC_LOOPBACK=1 -DMGOS_HAVE_OTA_HTTP_SERVER=1 -DMGOS_ENABLE_SYS_SERVICE=1 -DMGOS_HAVE_MONGOOSE=1' 'MGOS_HAVE_RPC_UART=1' 'MGOS_HAVE_I2C=1' 'FS_STAGING_DIR=build/fs' 'MGOS_HAVE_RPC_SERVICE_GPIO=1' 'MGOS_HAVE_MQTT=1' 'APP_BIN_LIBS=/fwbuild-volumes/2.0/apps/aws-sfmd-js/esp8266/build_contexts/build_ctx_325176070/libs/mongoose/lib/esp8266/libmongoose.a /fwbuild-volumes/2.0/apps/aws-sfmd-js/esp8266/build_contexts/build_ctx_325176070/libs/ota-shadow/lib/esp8266/libota-shadow.a /fwbuild-volumes/2.0/apps/aws-sfmd-js/esp8266/build_contexts/build_ctx_325176070/libs/dash/lib/esp8266/libdash.a /fwbuild-volumes/2.0/apps/aws-sfmd-js/esp8266/build_contexts/build_ctx_325176070/libs/ota-http-client/lib/esp8266/libota-http-client.a /fwbuild-volumes/2.0/apps/aws-sfmd-js/esp8266/build_contexts/build_ctx_325176070/libs/ota-http-server/lib/esp8266/libota-http-server.a /fwbuild-volumes/2.0/apps/aws-sfmd-js/esp8266/build_contexts/build_ctx_325176070/libs/rpc-service-ota/lib/esp8266/librpc-service-ota.a' 'MGOS_HAVE_PWM=1' 'MGOS_ENABLE_I2C_GPIO=1' 'MGOS_HAVE_MJS=1' 'MGOS_HAVE_RPC_SERVICE_I2C=1' 'MGOS_HAVE_MONGOOSE=1' 'MGOS_HAVE_SNTP=1' 'MGOS_ENABLE_SPI_GPIO=1' 'MGOS_HAVE_OTA_HTTP_SERVER=1' 'MGOS_ENABLE_UPDATER=1' 'FW_DIR=build/fw' 'MGOS_WIFI_ENABLE_AP_STA=1' 'MGOS_HAVE_VFS_DEV_SPI_FLASH=1'
make: Entering directory '/app'
make: Nothing to be done for 'all'.
make: Leaving directory '/app'
Success, built aws-sfmd-js/esp8266 version 1.0 (20180417-183210/???).
Firmware saved to build/fw.zip
